This file contains any messages produced by compilers while
running configure, to aid debugging if configure makes a mistake.

It was created by HMMER configure 3.1b1, which was
generated by GNU Autoconf 2.63.  Invocation command line was

  $ ./configure 

## --------- ##
## Platform. ##
## --------- ##

hostname = paula
uname -m = x86_64
uname -r = 4.9.0-8-amd64
uname -s = Linux
uname -v = #1 SMP Debian 4.9.130-2 (2018-10-27)

/usr/bin/uname -p = unknown
/bin/uname -X     = unknown

/bin/arch              = unknown
/usr/bin/arch -k       = unknown
/usr/convex/getsysinfo = unknown
/usr/bin/hostinfo      = unknown
/bin/machine           = unknown
/usr/bin/oslevel       = unknown
/bin/universe          = unknown

PATH: /home/lucas/anaconda3/bin
PATH: /home/lucas/anaconda3/condabin
PATH: /usr/local/bin
PATH: /usr/bin
PATH: /bin
PATH: /usr/local/games
PATH: /usr/games
PATH: /usr/lib/jvm/java-8-oracle/bin
PATH: /usr/lib/jvm/java-8-oracle/db/bin
PATH: /usr/lib/jvm/java-8-oracle/jre/bin


## ----------- ##
## Core tests. ##
## ----------- ##

configure:1869: Configuring HMMER for your system.
configure:2018: checking build system type
configure:2036: result: x86_64-unknown-linux-gnu
configure:2058: checking host system type
configure:2073: result: x86_64-unknown-linux-gnu
configure:2106: Full HMMER source distribution - using full configuration
configure:2316: checking for gcc
configure:2343: result: /home/lucas/anaconda3/bin/x86_64-conda_cos6-linux-gnu-cc
configure:2575: checking for C compiler version
configure:2583: /home/lucas/anaconda3/bin/x86_64-conda_cos6-linux-gnu-cc --version >&5
x86_64-conda_cos6-linux-gnu-cc (crosstool-NG 1.23.0.449-a04d0) 7.3.0
Copyright (C) 2017 Free Software Foundation, Inc.
This is free software; see the source for copying conditions.  There is NO
warranty; not even for MERCHANTABILITY or FITNESS FOR A PARTICULAR PURPOSE.

configure:2587: $? = 0
configure:2594: /home/lucas/anaconda3/bin/x86_64-conda_cos6-linux-gnu-cc -v >&5
Reading specs from /home/lucas/anaconda3/bin/../lib/gcc/x86_64-conda_cos6-linux-gnu/7.3.0/specs
COLLECT_GCC=/home/lucas/anaconda3/bin/x86_64-conda_cos6-linux-gnu-cc
COLLECT_LTO_WRAPPER=/home/lucas/anaconda3/bin/../libexec/gcc/x86_64-conda_cos6-linux-gnu/7.3.0/lto-wrapper
Target: x86_64-conda_cos6-linux-gnu
Configured with: /home/rdonnelly/mc/conda-bld/compilers_linux-64_1534865402226/work/.build/x86_64-conda_cos6-linux-gnu/src/gcc/configure --build=x86_64-build_pc-linux-gnu --host=x86_64-build_pc-linux-gnu --target=x86_64-conda_cos6-linux-gnu --prefix=/home/rdonnelly/mc/conda-bld/compilers_linux-64_1534865402226/work/gcc_built --with-sysroot=/home/rdonnelly/mc/conda-bld/compilers_linux-64_1534865402226/work/gcc_built/x86_64-conda_cos6-linux-gnu/sysroot --enable-languages=c,c++,fortran,objc,obj-c++ --with-pkgversion='crosstool-NG 1.23.0.449-a04d0' --enable-__cxa_atexit --disable-libmudflap --enable-libgomp --disable-libssp --enable-libquadmath --enable-libquadmath-support --enable-libsanitizer --enable-libmpx --with-gmp=/home/rdonnelly/mc/conda-bld/compilers_linux-64_1534865402226/work/.build/x86_64-conda_cos6-linux-gnu/buildtools --with-mpfr=/home/rdonnelly/mc/conda-bld/compilers_linux-64_1534865402226/work/.build/x86_64-conda_cos6-linux-gnu/buildtools --with-mpc=/home/rdonnelly/mc/conda-bld/compilers_linux-64_1534865402226/work/.build/x86_64-conda_cos6-linux-gnu/buildtools --with-isl=/home/rdonnelly/mc/conda-bld/compilers_linux-64_1534865402226/work/.build/x86_64-conda_cos6-linux-gnu/buildtools --enable-lto --enable-threads=posix --enable-target-optspace --enable-plugin --enable-gold --disable-nls --disable-multilib --with-local-prefix=/home/rdonnelly/mc/conda-bld/compilers_linux-64_1534865402226/work/gcc_built/x86_64-conda_cos6-linux-gnu/sysroot --enable-long-long --enable-default-pie
Thread model: posix
gcc version 7.3.0 (crosstool-NG 1.23.0.449-a04d0) 
configure:2598: $? = 0
configure:2605: /home/lucas/anaconda3/bin/x86_64-conda_cos6-linux-gnu-cc -V >&5
x86_64-conda_cos6-linux-gnu-cc: error: unrecognized command line option '-V'
x86_64-conda_cos6-linux-gnu-cc: fatal error: no input files
compilation terminated.
configure:2609: $? = 1
configure:2632: checking for C compiler default output file name
configure:2654: /home/lucas/anaconda3/bin/x86_64-conda_cos6-linux-gnu-cc -march=nocona -mtune=haswell -ftree-vectorize -fPIC -fstack-protector-strong -fno-plt -O2 -ffunction-sections -pipe -isystem /home/lucas/anaconda3/include -DNDEBUG -D_FORTIFY_SOURCE=2 -O2 -isystem /home/lucas/anaconda3/include -Wl,-O2 -Wl,--sort-common -Wl,--as-needed -Wl,-z,relro -Wl,-z,now -Wl,--disable-new-dtags -Wl,--gc-sections -Wl,-rpath,/home/lucas/anaconda3/lib -Wl,-rpath-link,/home/lucas/anaconda3/lib -L/home/lucas/anaconda3/lib conftest.c  >&5
configure:2658: $? = 0
configure:2696: result: a.out
configure:2715: checking whether the C compiler works
configure:2725: ./a.out
configure:2729: $? = 0
configure:2748: result: yes
configure:2755: checking whether we are cross compiling
configure:2757: result: no
configure:2760: checking for suffix of executables
configure:2767: /home/lucas/anaconda3/bin/x86_64-conda_cos6-linux-gnu-cc -o conftest -march=nocona -mtune=haswell -ftree-vectorize -fPIC -fstack-protector-strong -fno-plt -O2 -ffunction-sections -pipe -isystem /home/lucas/anaconda3/include -DNDEBUG -D_FORTIFY_SOURCE=2 -O2 -isystem /home/lucas/anaconda3/include -Wl,-O2 -Wl,--sort-common -Wl,--as-needed -Wl,-z,relro -Wl,-z,now -Wl,--disable-new-dtags -Wl,--gc-sections -Wl,-rpath,/home/lucas/anaconda3/lib -Wl,-rpath-link,/home/lucas/anaconda3/lib -L/home/lucas/anaconda3/lib conftest.c  >&5
configure:2771: $? = 0
configure:2797: result: 
configure:2803: checking for suffix of object files
configure:2829: /home/lucas/anaconda3/bin/x86_64-conda_cos6-linux-gnu-cc -c -march=nocona -mtune=haswell -ftree-vectorize -fPIC -fstack-protector-strong -fno-plt -O2 -ffunction-sections -pipe -isystem /home/lucas/anaconda3/include -DNDEBUG -D_FORTIFY_SOURCE=2 -O2 -isystem /home/lucas/anaconda3/include conftest.c >&5
configure:2833: $? = 0
configure:2858: result: o
configure:2862: checking whether we are using the GNU C compiler
configure:2891: /home/lucas/anaconda3/bin/x86_64-conda_cos6-linux-gnu-cc -c -march=nocona -mtune=haswell -ftree-vectorize -fPIC -fstack-protector-strong -fno-plt -O2 -ffunction-sections -pipe -isystem /home/lucas/anaconda3/include -DNDEBUG -D_FORTIFY_SOURCE=2 -O2 -isystem /home/lucas/anaconda3/include conftest.c >&5
configure:2898: $? = 0
configure:2915: result: yes
configure:2924: checking whether /home/lucas/anaconda3/bin/x86_64-conda_cos6-linux-gnu-cc accepts -g
configure:2954: /home/lucas/anaconda3/bin/x86_64-conda_cos6-linux-gnu-cc -c -g -DNDEBUG -D_FORTIFY_SOURCE=2 -O2 -isystem /home/lucas/anaconda3/include conftest.c >&5
configure:2961: $? = 0
configure:3062: result: yes
configure:3079: checking for /home/lucas/anaconda3/bin/x86_64-conda_cos6-linux-gnu-cc option to accept ISO C89
configure:3153: /home/lucas/anaconda3/bin/x86_64-conda_cos6-linux-gnu-cc  -c -march=nocona -mtune=haswell -ftree-vectorize -fPIC -fstack-protector-strong -fno-plt -O2 -ffunction-sections -pipe -isystem /home/lucas/anaconda3/include -DNDEBUG -D_FORTIFY_SOURCE=2 -O2 -isystem /home/lucas/anaconda3/include conftest.c >&5
configure:3160: $? = 0
configure:3183: result: none needed
configure:3203: checking for C compiler vendor
configure:3237: /home/lucas/anaconda3/bin/x86_64-conda_cos6-linux-gnu-cc -c -march=nocona -mtune=haswell -ftree-vectorize -fPIC -fstack-protector-strong -fno-plt -O2 -ffunction-sections -pipe -isystem /home/lucas/anaconda3/include -DNDEBUG -D_FORTIFY_SOURCE=2 -O2 -isystem /home/lucas/anaconda3/include conftest.c >&5
conftest.c: In function 'main':
conftest.c:25:7: error: 'thisisanerror' undeclared (first use in this function)
       thisisanerror;
       ^~~~~~~~~~~~~
conftest.c:25:7: note: each undeclared identifier is reported only once for each function it appears in
configure:3244: $? = 1
configure: failed program was:
| /* confdefs.h.  */
| #define PACKAGE_NAME "HMMER"
| #define PACKAGE_TARNAME "hmmer"
| #define PACKAGE_VERSION "3.1b1"
| #define PACKAGE_STRING "HMMER 3.1b1"
| #define PACKAGE_BUGREPORT "eddys@janelia.hhmi.org"
| #define HMMER_DATE "May 2013"
| #define HMMER_COPYRIGHT "Copyright (C) 2013 Howard Hughes Medical Institute."
| #define HMMER_LICENSE "Freely distributed under the GNU General Public License (GPLv3)."
| #define HMMER_VERSION "3.1b1"
| #define HMMER_URL "http://hmmer.org/"
| #define EASEL_DATE "May 2013"
| #define EASEL_COPYRIGHT "Copyright (C) 2013 Howard Hughes Medical Institute."
| #define EASEL_LICENSE "Freely distributed under the Janelia Farm Software License."
| #define EASEL_VERSION "h3.1b1"
| #define eslLIBRARY 1
| #define eslDEBUGLEVEL 0
| /* end confdefs.h.  */
| 
| int
| main ()
| {
| 
| #if !(defined(__ICC) || defined(__ECC) || defined(__INTEL_COMPILER))
|       thisisanerror;
| #endif
| 
|   ;
|   return 0;
| }
configure:3237: /home/lucas/anaconda3/bin/x86_64-conda_cos6-linux-gnu-cc -c -march=nocona -mtune=haswell -ftree-vectorize -fPIC -fstack-protector-strong -fno-plt -O2 -ffunction-sections -pipe -isystem /home/lucas/anaconda3/include -DNDEBUG -D_FORTIFY_SOURCE=2 -O2 -isystem /home/lucas/anaconda3/include conftest.c >&5
conftest.c: In function 'main':
conftest.c:25:7: error: 'thisisanerror' undeclared (first use in this function)
       thisisanerror;
       ^~~~~~~~~~~~~
conftest.c:25:7: note: each undeclared identifier is reported only once for each function it appears in
configure:3244: $? = 1
configure: failed program was:
| /* confdefs.h.  */
| #define PACKAGE_NAME "HMMER"
| #define PACKAGE_TARNAME "hmmer"
| #define PACKAGE_VERSION "3.1b1"
| #define PACKAGE_STRING "HMMER 3.1b1"
| #define PACKAGE_BUGREPORT "eddys@janelia.hhmi.org"
| #define HMMER_DATE "May 2013"
| #define HMMER_COPYRIGHT "Copyright (C) 2013 Howard Hughes Medical Institute."
| #define HMMER_LICENSE "Freely distributed under the GNU General Public License (GPLv3)."
| #define HMMER_VERSION "3.1b1"
| #define HMMER_URL "http://hmmer.org/"
| #define EASEL_DATE "May 2013"
| #define EASEL_COPYRIGHT "Copyright (C) 2013 Howard Hughes Medical Institute."
| #define EASEL_LICENSE "Freely distributed under the Janelia Farm Software License."
| #define EASEL_VERSION "h3.1b1"
| #define eslLIBRARY 1
| #define eslDEBUGLEVEL 0
| /* end confdefs.h.  */
| 
| int
| main ()
| {
| 
| #if !(defined(__xlc__) || defined(__xlC__) || defined(__IBMC__) || defined(__IBMCPP__))
|       thisisanerror;
| #endif
| 
|   ;
|   return 0;
| }
configure:3237: /home/lucas/anaconda3/bin/x86_64-conda_cos6-linux-gnu-cc -c -march=nocona -mtune=haswell -ftree-vectorize -fPIC -fstack-protector-strong -fno-plt -O2 -ffunction-sections -pipe -isystem /home/lucas/anaconda3/include -DNDEBUG -D_FORTIFY_SOURCE=2 -O2 -isystem /home/lucas/anaconda3/include conftest.c >&5
conftest.c: In function 'main':
conftest.c:25:7: error: 'thisisanerror' undeclared (first use in this function)
       thisisanerror;
       ^~~~~~~~~~~~~
conftest.c:25:7: note: each undeclared identifier is reported only once for each function it appears in
configure:3244: $? = 1
configure: failed program was:
| /* confdefs.h.  */
| #define PACKAGE_NAME "HMMER"
| #define PACKAGE_TARNAME "hmmer"
| #define PACKAGE_VERSION "3.1b1"
| #define PACKAGE_STRING "HMMER 3.1b1"
| #define PACKAGE_BUGREPORT "eddys@janelia.hhmi.org"
| #define HMMER_DATE "May 2013"
| #define HMMER_COPYRIGHT "Copyright (C) 2013 Howard Hughes Medical Institute."
| #define HMMER_LICENSE "Freely distributed under the GNU General Public License (GPLv3)."
| #define HMMER_VERSION "3.1b1"
| #define HMMER_URL "http://hmmer.org/"
| #define EASEL_DATE "May 2013"
| #define EASEL_COPYRIGHT "Copyright (C) 2013 Howard Hughes Medical Institute."
| #define EASEL_LICENSE "Freely distributed under the Janelia Farm Software License."
| #define EASEL_VERSION "h3.1b1"
| #define eslLIBRARY 1
| #define eslDEBUGLEVEL 0
| /* end confdefs.h.  */
| 
| int
| main ()
| {
| 
| #if !(defined(__PATHCC__) || defined(__PATHSCALE__))
|       thisisanerror;
| #endif
| 
|   ;
|   return 0;
| }
configure:3237: /home/lucas/anaconda3/bin/x86_64-conda_cos6-linux-gnu-cc -c -march=nocona -mtune=haswell -ftree-vectorize -fPIC -fstack-protector-strong -fno-plt -O2 -ffunction-sections -pipe -isystem /home/lucas/anaconda3/include -DNDEBUG -D_FORTIFY_SOURCE=2 -O2 -isystem /home/lucas/anaconda3/include conftest.c >&5
configure:3244: $? = 0
configure:3261: result: gnu
configure:3501: checking for the pthreads library -lpthreads
configure:3544: /home/lucas/anaconda3/bin/x86_64-conda_cos6-linux-gnu-cc -o conftest -march=nocona -mtune=haswell -ftree-vectorize -fPIC -fstack-protector-strong -fno-plt -O2 -ffunction-sections -pipe -isystem /home/lucas/anaconda3/include  -DNDEBUG -D_FORTIFY_SOURCE=2 -O2 -isystem /home/lucas/anaconda3/include -Wl,-O2 -Wl,--sort-common -Wl,--as-needed -Wl,-z,relro -Wl,-z,now -Wl,--disable-new-dtags -Wl,--gc-sections -Wl,-rpath,/home/lucas/anaconda3/lib -Wl,-rpath-link,/home/lucas/anaconda3/lib -L/home/lucas/anaconda3/lib conftest.c -lpthreads  >&5
/home/lucas/anaconda3/bin/../lib/gcc/x86_64-conda_cos6-linux-gnu/7.3.0/../../../../x86_64-conda_cos6-linux-gnu/bin/ld: cannot find -lpthreads
collect2: error: ld returned 1 exit status
configure:3551: $? = 1
configure: failed program was:
| /* confdefs.h.  */
| #define PACKAGE_NAME "HMMER"
| #define PACKAGE_TARNAME "hmmer"
| #define PACKAGE_VERSION "3.1b1"
| #define PACKAGE_STRING "HMMER 3.1b1"
| #define PACKAGE_BUGREPORT "eddys@janelia.hhmi.org"
| #define HMMER_DATE "May 2013"
| #define HMMER_COPYRIGHT "Copyright (C) 2013 Howard Hughes Medical Institute."
| #define HMMER_LICENSE "Freely distributed under the GNU General Public License (GPLv3)."
| #define HMMER_VERSION "3.1b1"
| #define HMMER_URL "http://hmmer.org/"
| #define EASEL_DATE "May 2013"
| #define EASEL_COPYRIGHT "Copyright (C) 2013 Howard Hughes Medical Institute."
| #define EASEL_LICENSE "Freely distributed under the Janelia Farm Software License."
| #define EASEL_VERSION "h3.1b1"
| #define eslLIBRARY 1
| #define eslDEBUGLEVEL 0
| /* end confdefs.h.  */
| #include <pthread.h>
| int
| main ()
| {
| pthread_t th; pthread_join(th, 0);
|                      pthread_attr_init(0); pthread_cleanup_push(0, 0);
|                      pthread_create(0,0,0,0); pthread_cleanup_pop(0);
|   ;
|   return 0;
| }
configure:3574: result: no
configure:3446: checking whether pthreads work without any flags
configure:3544: /home/lucas/anaconda3/bin/x86_64-conda_cos6-linux-gnu-cc -o conftest -march=nocona -mtune=haswell -ftree-vectorize -fPIC -fstack-protector-strong -fno-plt -O2 -ffunction-sections -pipe -isystem /home/lucas/anaconda3/include  -DNDEBUG -D_FORTIFY_SOURCE=2 -O2 -isystem /home/lucas/anaconda3/include -Wl,-O2 -Wl,--sort-common -Wl,--as-needed -Wl,-z,relro -Wl,-z,now -Wl,--disable-new-dtags -Wl,--gc-sections -Wl,-rpath,/home/lucas/anaconda3/lib -Wl,-rpath-link,/home/lucas/anaconda3/lib -L/home/lucas/anaconda3/lib conftest.c   >&5
/home/lucas/anaconda3/bin/../lib/gcc/x86_64-conda_cos6-linux-gnu/7.3.0/../../../../x86_64-conda_cos6-linux-gnu/bin/ld: /tmp/ccgUpBlk.o: in function `main':
conftest.c:(.text.startup.main+0x1b): undefined reference to `pthread_join'
/home/lucas/anaconda3/bin/../lib/gcc/x86_64-conda_cos6-linux-gnu/7.3.0/../../../../x86_64-conda_cos6-linux-gnu/bin/ld: conftest.c:(.text.startup.main+0x3e): undefined reference to `__pthread_register_cancel'
/home/lucas/anaconda3/bin/../lib/gcc/x86_64-conda_cos6-linux-gnu/7.3.0/../../../../x86_64-conda_cos6-linux-gnu/bin/ld: conftest.c:(.text.startup.main+0x4c): undefined reference to `pthread_create'
/home/lucas/anaconda3/bin/../lib/gcc/x86_64-conda_cos6-linux-gnu/7.3.0/../../../../x86_64-conda_cos6-linux-gnu/bin/ld: conftest.c:(.text.startup.main+0x55): undefined reference to `__pthread_unregister_cancel'
collect2: error: ld returned 1 exit status
configure:3551: $? = 1
configure: failed program was:
| /* confdefs.h.  */
| #define PACKAGE_NAME "HMMER"
| #define PACKAGE_TARNAME "hmmer"
| #define PACKAGE_VERSION "3.1b1"
| #define PACKAGE_STRING "HMMER 3.1b1"
| #define PACKAGE_BUGREPORT "eddys@janelia.hhmi.org"
| #define HMMER_DATE "May 2013"
| #define HMMER_COPYRIGHT "Copyright (C) 2013 Howard Hughes Medical Institute."
| #define HMMER_LICENSE "Freely distributed under the GNU General Public License (GPLv3)."
| #define HMMER_VERSION "3.1b1"
| #define HMMER_URL "http://hmmer.org/"
| #define EASEL_DATE "May 2013"
| #define EASEL_COPYRIGHT "Copyright (C) 2013 Howard Hughes Medical Institute."
| #define EASEL_LICENSE "Freely distributed under the Janelia Farm Software License."
| #define EASEL_VERSION "h3.1b1"
| #define eslLIBRARY 1
| #define eslDEBUGLEVEL 0
| /* end confdefs.h.  */
| #include <pthread.h>
| int
| main ()
| {
| pthread_t th; pthread_join(th, 0);
|                      pthread_attr_init(0); pthread_cleanup_push(0, 0);
|                      pthread_create(0,0,0,0); pthread_cleanup_pop(0);
|   ;
|   return 0;
| }
configure:3574: result: no
configure:3451: checking whether pthreads work with -Kthread
configure:3544: /home/lucas/anaconda3/bin/x86_64-conda_cos6-linux-gnu-cc -o conftest -march=nocona -mtune=haswell -ftree-vectorize -fPIC -fstack-protector-strong -fno-plt -O2 -ffunction-sections -pipe -isystem /home/lucas/anaconda3/include -Kthread -DNDEBUG -D_FORTIFY_SOURCE=2 -O2 -isystem /home/lucas/anaconda3/include -Wl,-O2 -Wl,--sort-common -Wl,--as-needed -Wl,-z,relro -Wl,-z,now -Wl,--disable-new-dtags -Wl,--gc-sections -Wl,-rpath,/home/lucas/anaconda3/lib -Wl,-rpath-link,/home/lucas/anaconda3/lib -L/home/lucas/anaconda3/lib conftest.c   >&5
x86_64-conda_cos6-linux-gnu-cc: error: unrecognized command line option '-Kthread'; did you mean '-pthread'?
configure:3551: $? = 1
configure: failed program was:
| /* confdefs.h.  */
| #define PACKAGE_NAME "HMMER"
| #define PACKAGE_TARNAME "hmmer"
| #define PACKAGE_VERSION "3.1b1"
| #define PACKAGE_STRING "HMMER 3.1b1"
| #define PACKAGE_BUGREPORT "eddys@janelia.hhmi.org"
| #define HMMER_DATE "May 2013"
| #define HMMER_COPYRIGHT "Copyright (C) 2013 Howard Hughes Medical Institute."
| #define HMMER_LICENSE "Freely distributed under the GNU General Public License (GPLv3)."
| #define HMMER_VERSION "3.1b1"
| #define HMMER_URL "http://hmmer.org/"
| #define EASEL_DATE "May 2013"
| #define EASEL_COPYRIGHT "Copyright (C) 2013 Howard Hughes Medical Institute."
| #define EASEL_LICENSE "Freely distributed under the Janelia Farm Software License."
| #define EASEL_VERSION "h3.1b1"
| #define eslLIBRARY 1
| #define eslDEBUGLEVEL 0
| /* end confdefs.h.  */
| #include <pthread.h>
| int
| main ()
| {
| pthread_t th; pthread_join(th, 0);
|                      pthread_attr_init(0); pthread_cleanup_push(0, 0);
|                      pthread_create(0,0,0,0); pthread_cleanup_pop(0);
|   ;
|   return 0;
| }
configure:3574: result: no
configure:3451: checking whether pthreads work with -kthread
configure:3544: /home/lucas/anaconda3/bin/x86_64-conda_cos6-linux-gnu-cc -o conftest -march=nocona -mtune=haswell -ftree-vectorize -fPIC -fstack-protector-strong -fno-plt -O2 -ffunction-sections -pipe -isystem /home/lucas/anaconda3/include -kthread -DNDEBUG -D_FORTIFY_SOURCE=2 -O2 -isystem /home/lucas/anaconda3/include -Wl,-O2 -Wl,--sort-common -Wl,--as-needed -Wl,-z,relro -Wl,-z,now -Wl,--disable-new-dtags -Wl,--gc-sections -Wl,-rpath,/home/lucas/anaconda3/lib -Wl,-rpath-link,/home/lucas/anaconda3/lib -L/home/lucas/anaconda3/lib conftest.c   >&5
x86_64-conda_cos6-linux-gnu-cc: error: unrecognized command line option '-kthread'; did you mean '-pthread'?
configure:3551: $? = 1
configure: failed program was:
| /* confdefs.h.  */
| #define PACKAGE_NAME "HMMER"
| #define PACKAGE_TARNAME "hmmer"
| #define PACKAGE_VERSION "3.1b1"
| #define PACKAGE_STRING "HMMER 3.1b1"
| #define PACKAGE_BUGREPORT "eddys@janelia.hhmi.org"
| #define HMMER_DATE "May 2013"
| #define HMMER_COPYRIGHT "Copyright (C) 2013 Howard Hughes Medical Institute."
| #define HMMER_LICENSE "Freely distributed under the GNU General Public License (GPLv3)."
| #define HMMER_VERSION "3.1b1"
| #define HMMER_URL "http://hmmer.org/"
| #define EASEL_DATE "May 2013"
| #define EASEL_COPYRIGHT "Copyright (C) 2013 Howard Hughes Medical Institute."
| #define EASEL_LICENSE "Freely distributed under the Janelia Farm Software License."
| #define EASEL_VERSION "h3.1b1"
| #define eslLIBRARY 1
| #define eslDEBUGLEVEL 0
| /* end confdefs.h.  */
| #include <pthread.h>
| int
| main ()
| {
| pthread_t th; pthread_join(th, 0);
|                      pthread_attr_init(0); pthread_cleanup_push(0, 0);
|                      pthread_create(0,0,0,0); pthread_cleanup_pop(0);
|   ;
|   return 0;
| }
configure:3574: result: no
configure:3501: checking for the pthreads library -llthread
configure:3544: /home/lucas/anaconda3/bin/x86_64-conda_cos6-linux-gnu-cc -o conftest -march=nocona -mtune=haswell -ftree-vectorize -fPIC -fstack-protector-strong -fno-plt -O2 -ffunction-sections -pipe -isystem /home/lucas/anaconda3/include  -DNDEBUG -D_FORTIFY_SOURCE=2 -O2 -isystem /home/lucas/anaconda3/include -Wl,-O2 -Wl,--sort-common -Wl,--as-needed -Wl,-z,relro -Wl,-z,now -Wl,--disable-new-dtags -Wl,--gc-sections -Wl,-rpath,/home/lucas/anaconda3/lib -Wl,-rpath-link,/home/lucas/anaconda3/lib -L/home/lucas/anaconda3/lib conftest.c -llthread  >&5
/home/lucas/anaconda3/bin/../lib/gcc/x86_64-conda_cos6-linux-gnu/7.3.0/../../../../x86_64-conda_cos6-linux-gnu/bin/ld: cannot find -llthread
collect2: error: ld returned 1 exit status
configure:3551: $? = 1
configure: failed program was:
| /* confdefs.h.  */
| #define PACKAGE_NAME "HMMER"
| #define PACKAGE_TARNAME "hmmer"
| #define PACKAGE_VERSION "3.1b1"
| #define PACKAGE_STRING "HMMER 3.1b1"
| #define PACKAGE_BUGREPORT "eddys@janelia.hhmi.org"
| #define HMMER_DATE "May 2013"
| #define HMMER_COPYRIGHT "Copyright (C) 2013 Howard Hughes Medical Institute."
| #define HMMER_LICENSE "Freely distributed under the GNU General Public License (GPLv3)."
| #define HMMER_VERSION "3.1b1"
| #define HMMER_URL "http://hmmer.org/"
| #define EASEL_DATE "May 2013"
| #define EASEL_COPYRIGHT "Copyright (C) 2013 Howard Hughes Medical Institute."
| #define EASEL_LICENSE "Freely distributed under the Janelia Farm Software License."
| #define EASEL_VERSION "h3.1b1"
| #define eslLIBRARY 1
| #define eslDEBUGLEVEL 0
| /* end confdefs.h.  */
| #include <pthread.h>
| int
| main ()
| {
| pthread_t th; pthread_join(th, 0);
|                      pthread_attr_init(0); pthread_cleanup_push(0, 0);
|                      pthread_create(0,0,0,0); pthread_cleanup_pop(0);
|   ;
|   return 0;
| }
configure:3574: result: no
configure:3451: checking whether pthreads work with -pthread
configure:3544: /home/lucas/anaconda3/bin/x86_64-conda_cos6-linux-gnu-cc -o conftest -march=nocona -mtune=haswell -ftree-vectorize -fPIC -fstack-protector-strong -fno-plt -O2 -ffunction-sections -pipe -isystem /home/lucas/anaconda3/include -pthread -DNDEBUG -D_FORTIFY_SOURCE=2 -O2 -isystem /home/lucas/anaconda3/include -Wl,-O2 -Wl,--sort-common -Wl,--as-needed -Wl,-z,relro -Wl,-z,now -Wl,--disable-new-dtags -Wl,--gc-sections -Wl,-rpath,/home/lucas/anaconda3/lib -Wl,-rpath-link,/home/lucas/anaconda3/lib -L/home/lucas/anaconda3/lib conftest.c   >&5
configure:3551: $? = 0
configure:3574: result: yes
configure:3594: checking for joinable pthread attribute
configure:3617: /home/lucas/anaconda3/bin/x86_64-conda_cos6-linux-gnu-cc -o conftest -march=nocona -mtune=haswell -ftree-vectorize -fPIC -fstack-protector-strong -fno-plt -O2 -ffunction-sections -pipe -isystem /home/lucas/anaconda3/include -pthread -DNDEBUG -D_FORTIFY_SOURCE=2 -O2 -isystem /home/lucas/anaconda3/include -Wl,-O2 -Wl,--sort-common -Wl,--as-needed -Wl,-z,relro -Wl,-z,now -Wl,--disable-new-dtags -Wl,--gc-sections -Wl,-rpath,/home/lucas/anaconda3/lib -Wl,-rpath-link,/home/lucas/anaconda3/lib -L/home/lucas/anaconda3/lib conftest.c   >&5
configure:3624: $? = 0
configure:3699: result: PTHREAD_CREATE_JOINABLE
configure:3706: checking if more special flags are required for pthreads
configure:3716: result: no
configure:3728: checking for cc_r
configure:3756: result: /home/lucas/anaconda3/bin/x86_64-conda_cos6-linux-gnu-cc
configure:3932: checking for gcc
configure:3959: result: /home/lucas/anaconda3/bin/x86_64-conda_cos6-linux-gnu-cc
configure:4191: checking for C compiler version
configure:4199: /home/lucas/anaconda3/bin/x86_64-conda_cos6-linux-gnu-cc --version >&5
x86_64-conda_cos6-linux-gnu-cc (crosstool-NG 1.23.0.449-a04d0) 7.3.0
Copyright (C) 2017 Free Software Foundation, Inc.
This is free software; see the source for copying conditions.  There is NO
warranty; not even for MERCHANTABILITY or FITNESS FOR A PARTICULAR PURPOSE.

configure:4203: $? = 0
configure:4210: /home/lucas/anaconda3/bin/x86_64-conda_cos6-linux-gnu-cc -v >&5
Reading specs from /home/lucas/anaconda3/bin/../lib/gcc/x86_64-conda_cos6-linux-gnu/7.3.0/specs
COLLECT_GCC=/home/lucas/anaconda3/bin/x86_64-conda_cos6-linux-gnu-cc
COLLECT_LTO_WRAPPER=/home/lucas/anaconda3/bin/../libexec/gcc/x86_64-conda_cos6-linux-gnu/7.3.0/lto-wrapper
Target: x86_64-conda_cos6-linux-gnu
Configured with: /home/rdonnelly/mc/conda-bld/compilers_linux-64_1534865402226/work/.build/x86_64-conda_cos6-linux-gnu/src/gcc/configure --build=x86_64-build_pc-linux-gnu --host=x86_64-build_pc-linux-gnu --target=x86_64-conda_cos6-linux-gnu --prefix=/home/rdonnelly/mc/conda-bld/compilers_linux-64_1534865402226/work/gcc_built --with-sysroot=/home/rdonnelly/mc/conda-bld/compilers_linux-64_1534865402226/work/gcc_built/x86_64-conda_cos6-linux-gnu/sysroot --enable-languages=c,c++,fortran,objc,obj-c++ --with-pkgversion='crosstool-NG 1.23.0.449-a04d0' --enable-__cxa_atexit --disable-libmudflap --enable-libgomp --disable-libssp --enable-libquadmath --enable-libquadmath-support --enable-libsanitizer --enable-libmpx --with-gmp=/home/rdonnelly/mc/conda-bld/compilers_linux-64_1534865402226/work/.build/x86_64-conda_cos6-linux-gnu/buildtools --with-mpfr=/home/rdonnelly/mc/conda-bld/compilers_linux-64_1534865402226/work/.build/x86_64-conda_cos6-linux-gnu/buildtools --with-mpc=/home/rdonnelly/mc/conda-bld/compilers_linux-64_1534865402226/work/.build/x86_64-conda_cos6-linux-gnu/buildtools --with-isl=/home/rdonnelly/mc/conda-bld/compilers_linux-64_1534865402226/work/.build/x86_64-conda_cos6-linux-gnu/buildtools --enable-lto --enable-threads=posix --enable-target-optspace --enable-plugin --enable-gold --disable-nls --disable-multilib --with-local-prefix=/home/rdonnelly/mc/conda-bld/compilers_linux-64_1534865402226/work/gcc_built/x86_64-conda_cos6-linux-gnu/sysroot --enable-long-long --enable-default-pie
Thread model: posix
gcc version 7.3.0 (crosstool-NG 1.23.0.449-a04d0) 
configure:4214: $? = 0
configure:4221: /home/lucas/anaconda3/bin/x86_64-conda_cos6-linux-gnu-cc -V >&5
x86_64-conda_cos6-linux-gnu-cc: error: unrecognized command line option '-V'
x86_64-conda_cos6-linux-gnu-cc: fatal error: no input files
compilation terminated.
configure:4225: $? = 1
configure:4228: checking whether we are using the GNU C compiler
configure:4281: result: yes
configure:4290: checking whether /home/lucas/anaconda3/bin/x86_64-conda_cos6-linux-gnu-cc accepts -g
configure:4428: result: yes
configure:4445: checking for /home/lucas/anaconda3/bin/x86_64-conda_cos6-linux-gnu-cc option to accept ISO C89
configure:4549: result: none needed
configure:4581: checking for a BSD-compatible install
configure:4649: result: /usr/bin/install -c
configure:5029: checking how to run the C preprocessor
configure:5147: result: /home/lucas/anaconda3/bin/x86_64-conda_cos6-linux-gnu-cpp
configure:5176: /home/lucas/anaconda3/bin/x86_64-conda_cos6-linux-gnu-cpp -DNDEBUG -D_FORTIFY_SOURCE=2 -O2 -isystem /home/lucas/anaconda3/include conftest.c
configure:5183: $? = 0
configure:5214: /home/lucas/anaconda3/bin/x86_64-conda_cos6-linux-gnu-cpp -DNDEBUG -D_FORTIFY_SOURCE=2 -O2 -isystem /home/lucas/anaconda3/include conftest.c
conftest.c:21:10: fatal error: ac_nonexistent.h: No such file or directory
 #include <ac_nonexistent.h>
          ^~~~~~~~~~~~~~~~~~
compilation terminated.
configure:5221: $? = 1
configure: failed program was:
| /* confdefs.h.  */
| #define PACKAGE_NAME "HMMER"
| #define PACKAGE_TARNAME "hmmer"
| #define PACKAGE_VERSION "3.1b1"
| #define PACKAGE_STRING "HMMER 3.1b1"
| #define PACKAGE_BUGREPORT "eddys@janelia.hhmi.org"
| #define HMMER_DATE "May 2013"
| #define HMMER_COPYRIGHT "Copyright (C) 2013 Howard Hughes Medical Institute."
| #define HMMER_LICENSE "Freely distributed under the GNU General Public License (GPLv3)."
| #define HMMER_VERSION "3.1b1"
| #define HMMER_URL "http://hmmer.org/"
| #define EASEL_DATE "May 2013"
| #define EASEL_COPYRIGHT "Copyright (C) 2013 Howard Hughes Medical Institute."
| #define EASEL_LICENSE "Freely distributed under the Janelia Farm Software License."
| #define EASEL_VERSION "h3.1b1"
| #define eslLIBRARY 1
| #define eslDEBUGLEVEL 0
| #define HMMER_THREADS 1
| #define HAVE_PTHREAD 1
| /* end confdefs.h.  */
| #include <ac_nonexistent.h>
configure:5261: checking for C compiler vendor
configure:5319: result: gnu
configure:5326: checking for /home/lucas/anaconda3/bin/x86_64-conda_cos6-linux-gnu-cc option to accept ISO C99
configure:5485: /home/lucas/anaconda3/bin/x86_64-conda_cos6-linux-gnu-cc  -c -march=nocona -mtune=haswell -ftree-vectorize -fPIC -fstack-protector-strong -fno-plt -O2 -ffunction-sections -pipe -isystem /home/lucas/anaconda3/include -DNDEBUG -D_FORTIFY_SOURCE=2 -O2 -isystem /home/lucas/anaconda3/include conftest.c >&5
configure:5492: $? = 0
configure:5515: result: none needed
configure:5653: checking for /home/lucas/anaconda3/bin/x86_64-conda_cos6-linux-gnu-cc option to accept ISO Standard C
configure:5662: result: none needed
configure:5713: checking for ranlib
configure:5740: result: /home/lucas/anaconda3/bin/x86_64-conda_cos6-linux-gnu-ranlib
configure:5764: checking for ar
configure:5796: result: /home/lucas/anaconda3/bin/x86_64-conda_cos6-linux-gnu-ar
configure:5805: checking whether you have a GNU make
configure:5816: result: yes, you do; and we assume you will use it!
configure:6901: checking for /home/lucas/anaconda3/bin/x86_64-conda_cos6-linux-gnu-cc option to produce PIC
configure:6987: result: -fPIC
configure:6996: checking whether C compiler accepts -msse2
configure:7025: /home/lucas/anaconda3/bin/x86_64-conda_cos6-linux-gnu-cc -c -msse2 -DNDEBUG -D_FORTIFY_SOURCE=2 -O2 -isystem /home/lucas/anaconda3/include conftest.c >&5
configure:7032: $? = 0
configure:7050: result: yes
configure:7519: checking compiler support for sse2 cast functions
configure:7554: /home/lucas/anaconda3/bin/x86_64-conda_cos6-linux-gnu-cc -c -march=nocona -mtune=haswell -ftree-vectorize -fPIC -fstack-protector-strong -fno-plt -O2 -ffunction-sections -pipe -isystem /home/lucas/anaconda3/include -msse2 -DNDEBUG -D_FORTIFY_SOURCE=2 -O2 -isystem /home/lucas/anaconda3/include conftest.c >&5
configure:7561: $? = 0
configure:7579: result: yes
configure:7591: checking whether SSE2 is supported
configure:7624: /home/lucas/anaconda3/bin/x86_64-conda_cos6-linux-gnu-cc -c -march=nocona -mtune=haswell -ftree-vectorize -fPIC -fstack-protector-strong -fno-plt -O2 -ffunction-sections -pipe -isystem /home/lucas/anaconda3/include -msse2 -DNDEBUG -D_FORTIFY_SOURCE=2 -O2 -isystem /home/lucas/anaconda3/include conftest.c >&5
configure:7631: $? = 0
configure:7636: result: yes
configure:7730: checking whether _MM_SET_FLUSH_ZERO_MODE is supported
configure:7756: /home/lucas/anaconda3/bin/x86_64-conda_cos6-linux-gnu-cc -c -march=nocona -mtune=haswell -ftree-vectorize -fPIC -fstack-protector-strong -fno-plt -O2 -ffunction-sections -pipe -isystem /home/lucas/anaconda3/include -msse2 -DNDEBUG -D_FORTIFY_SOURCE=2 -O2 -isystem /home/lucas/anaconda3/include conftest.c >&5
configure:7763: $? = 0
configure:7768: result: yes
configure:7789: Activating Intel/AMD SSE optimized DP implementation
configure:7836: checking compiler support --start-group
configure:7861: /home/lucas/anaconda3/bin/x86_64-conda_cos6-linux-gnu-cc -o conftest -march=nocona -mtune=haswell -ftree-vectorize -fPIC -fstack-protector-strong -fno-plt -O2 -ffunction-sections -pipe -isystem /home/lucas/anaconda3/include -DNDEBUG -D_FORTIFY_SOURCE=2 -O2 -isystem /home/lucas/anaconda3/include -Wl,--start-group -Wl,--end-group -Wl,-O2 -Wl,--sort-common -Wl,--as-needed -Wl,-z,relro -Wl,-z,now -Wl,--disable-new-dtags -Wl,--gc-sections -Wl,-rpath,/home/lucas/anaconda3/lib -Wl,-rpath-link,/home/lucas/anaconda3/lib -L/home/lucas/anaconda3/lib conftest.c  >&5
configure:7868: $? = 0
configure:7876: result: yes
configure:7903: checking for gzip
configure:7921: found /bin/gzip
configure:7934: result: /bin/gzip
configure:8050: checking for grep that handles long lines and -e
configure:8110: result: /bin/grep
configure:8115: checking for egrep
configure:8179: result: /bin/grep -E
configure:8184: checking for ANSI C header files
configure:8214: /home/lucas/anaconda3/bin/x86_64-conda_cos6-linux-gnu-cc -c -march=nocona -mtune=haswell -ftree-vectorize -fPIC -fstack-protector-strong -fno-plt -O2 -ffunction-sections -pipe -isystem /home/lucas/anaconda3/include -DNDEBUG -D_FORTIFY_SOURCE=2 -O2 -isystem /home/lucas/anaconda3/include conftest.c >&5
configure:8221: $? = 0
configure:8320: /home/lucas/anaconda3/bin/x86_64-conda_cos6-linux-gnu-cc -o conftest -march=nocona -mtune=haswell -ftree-vectorize -fPIC -fstack-protector-strong -fno-plt -O2 -ffunction-sections -pipe -isystem /home/lucas/anaconda3/include -DNDEBUG -D_FORTIFY_SOURCE=2 -O2 -isystem /home/lucas/anaconda3/include -Wl,-O2 -Wl,--sort-common -Wl,--as-needed -Wl,-z,relro -Wl,-z,now -Wl,--disable-new-dtags -Wl,--gc-sections -Wl,-rpath,/home/lucas/anaconda3/lib -Wl,-rpath-link,/home/lucas/anaconda3/lib -L/home/lucas/anaconda3/lib conftest.c  >&5
configure:8324: $? = 0
configure:8330: ./conftest
configure:8334: $? = 0
configure:8352: result: yes
configure:8376: checking for sys/types.h
configure:8397: /home/lucas/anaconda3/bin/x86_64-conda_cos6-linux-gnu-cc -c -march=nocona -mtune=haswell -ftree-vectorize -fPIC -fstack-protector-strong -fno-plt -O2 -ffunction-sections -pipe -isystem /home/lucas/anaconda3/include -DNDEBUG -D_FORTIFY_SOURCE=2 -O2 -isystem /home/lucas/anaconda3/include conftest.c >&5
configure:8404: $? = 0
configure:8421: result: yes
configure:8376: checking for sys/stat.h
configure:8397: /home/lucas/anaconda3/bin/x86_64-conda_cos6-linux-gnu-cc -c -march=nocona -mtune=haswell -ftree-vectorize -fPIC -fstack-protector-strong -fno-plt -O2 -ffunction-sections -pipe -isystem /home/lucas/anaconda3/include -DNDEBUG -D_FORTIFY_SOURCE=2 -O2 -isystem /home/lucas/anaconda3/include conftest.c >&5
configure:8404: $? = 0
configure:8421: result: yes
configure:8376: checking for stdlib.h
configure:8397: /home/lucas/anaconda3/bin/x86_64-conda_cos6-linux-gnu-cc -c -march=nocona -mtune=haswell -ftree-vectorize -fPIC -fstack-protector-strong -fno-plt -O2 -ffunction-sections -pipe -isystem /home/lucas/anaconda3/include -DNDEBUG -D_FORTIFY_SOURCE=2 -O2 -isystem /home/lucas/anaconda3/include conftest.c >&5
configure:8404: $? = 0
configure:8421: result: yes
configure:8376: checking for string.h
configure:8397: /home/lucas/anaconda3/bin/x86_64-conda_cos6-linux-gnu-cc -c -march=nocona -mtune=haswell -ftree-vectorize -fPIC -fstack-protector-strong -fno-plt -O2 -ffunction-sections -pipe -isystem /home/lucas/anaconda3/include -DNDEBUG -D_FORTIFY_SOURCE=2 -O2 -isystem /home/lucas/anaconda3/include conftest.c >&5
configure:8404: $? = 0
configure:8421: result: yes
configure:8376: checking for memory.h
configure:8397: /home/lucas/anaconda3/bin/x86_64-conda_cos6-linux-gnu-cc -c -march=nocona -mtune=haswell -ftree-vectorize -fPIC -fstack-protector-strong -fno-plt -O2 -ffunction-sections -pipe -isystem /home/lucas/anaconda3/include -DNDEBUG -D_FORTIFY_SOURCE=2 -O2 -isystem /home/lucas/anaconda3/include conftest.c >&5
configure:8404: $? = 0
configure:8421: result: yes
configure:8376: checking for strings.h
configure:8397: /home/lucas/anaconda3/bin/x86_64-conda_cos6-linux-gnu-cc -c -march=nocona -mtune=haswell -ftree-vectorize -fPIC -fstack-protector-strong -fno-plt -O2 -ffunction-sections -pipe -isystem /home/lucas/anaconda3/include -DNDEBUG -D_FORTIFY_SOURCE=2 -O2 -isystem /home/lucas/anaconda3/include conftest.c >&5
configure:8404: $? = 0
configure:8421: result: yes
configure:8376: checking for inttypes.h
configure:8397: /home/lucas/anaconda3/bin/x86_64-conda_cos6-linux-gnu-cc -c -march=nocona -mtune=haswell -ftree-vectorize -fPIC -fstack-protector-strong -fno-plt -O2 -ffunction-sections -pipe -isystem /home/lucas/anaconda3/include -DNDEBUG -D_FORTIFY_SOURCE=2 -O2 -isystem /home/lucas/anaconda3/include conftest.c >&5
configure:8404: $? = 0
configure:8421: result: yes
configure:8376: checking for stdint.h
configure:8397: /home/lucas/anaconda3/bin/x86_64-conda_cos6-linux-gnu-cc -c -march=nocona -mtune=haswell -ftree-vectorize -fPIC -fstack-protector-strong -fno-plt -O2 -ffunction-sections -pipe -isystem /home/lucas/anaconda3/include -DNDEBUG -D_FORTIFY_SOURCE=2 -O2 -isystem /home/lucas/anaconda3/include conftest.c >&5
configure:8404: $? = 0
configure:8421: result: yes
configure:8376: checking for unistd.h
configure:8397: /home/lucas/anaconda3/bin/x86_64-conda_cos6-linux-gnu-cc -c -march=nocona -mtune=haswell -ftree-vectorize -fPIC -fstack-protector-strong -fno-plt -O2 -ffunction-sections -pipe -isystem /home/lucas/anaconda3/include -DNDEBUG -D_FORTIFY_SOURCE=2 -O2 -isystem /home/lucas/anaconda3/include conftest.c >&5
configure:8404: $? = 0
configure:8421: result: yes
configure:8445: checking for sys/types.h
configure:8452: result: yes
configure:8456: checking sys/sysctl.h usability
configure:8473: /home/lucas/anaconda3/bin/x86_64-conda_cos6-linux-gnu-cc -c -march=nocona -mtune=haswell -ftree-vectorize -fPIC -fstack-protector-strong -fno-plt -O2 -ffunction-sections -pipe -isystem /home/lucas/anaconda3/include -DNDEBUG -D_FORTIFY_SOURCE=2 -O2 -isystem /home/lucas/anaconda3/include conftest.c >&5
configure:8480: $? = 0
configure:8494: result: yes
configure:8498: checking sys/sysctl.h presence
configure:8513: /home/lucas/anaconda3/bin/x86_64-conda_cos6-linux-gnu-cpp -DNDEBUG -D_FORTIFY_SOURCE=2 -O2 -isystem /home/lucas/anaconda3/include conftest.c
configure:8520: $? = 0
configure:8534: result: yes
configure:8567: checking for sys/sysctl.h
configure:8576: result: yes
configure:8445: checking for unistd.h
configure:8452: result: yes
configure:8445: checking for stdint.h
configure:8452: result: yes
configure:8445: checking for inttypes.h
configure:8452: result: yes
configure:8456: checking endian.h usability
configure:8473: /home/lucas/anaconda3/bin/x86_64-conda_cos6-linux-gnu-cc -c -march=nocona -mtune=haswell -ftree-vectorize -fPIC -fstack-protector-strong -fno-plt -O2 -ffunction-sections -pipe -isystem /home/lucas/anaconda3/include -DNDEBUG -D_FORTIFY_SOURCE=2 -O2 -isystem /home/lucas/anaconda3/include conftest.c >&5
configure:8480: $? = 0
configure:8494: result: yes
configure:8498: checking endian.h presence
configure:8513: /home/lucas/anaconda3/bin/x86_64-conda_cos6-linux-gnu-cpp -DNDEBUG -D_FORTIFY_SOURCE=2 -O2 -isystem /home/lucas/anaconda3/include conftest.c
configure:8520: $? = 0
configure:8534: result: yes
configure:8567: checking for endian.h
configure:8576: result: yes
configure:8757: checking whether byte ordering is bigendian
configure:8782: /home/lucas/anaconda3/bin/x86_64-conda_cos6-linux-gnu-cc -c -march=nocona -mtune=haswell -ftree-vectorize -fPIC -fstack-protector-strong -fno-plt -O2 -ffunction-sections -pipe -isystem /home/lucas/anaconda3/include -DNDEBUG -D_FORTIFY_SOURCE=2 -O2 -isystem /home/lucas/anaconda3/include conftest.c >&5
conftest.c:43:9: error: unknown type name 'not'
         not a universal capable compiler
         ^~~
conftest.c:43:15: error: expected '=', ',', ';', 'asm' or '__attribute__' before 'universal'
         not a universal capable compiler
               ^~~~~~~~~
conftest.c:43:15: error: unknown type name 'universal'
configure:8789: $? = 1
configure: failed program was:
| /* confdefs.h.  */
| #define PACKAGE_NAME "HMMER"
| #define PACKAGE_TARNAME "hmmer"
| #define PACKAGE_VERSION "3.1b1"
| #define PACKAGE_STRING "HMMER 3.1b1"
| #define PACKAGE_BUGREPORT "eddys@janelia.hhmi.org"
| #define HMMER_DATE "May 2013"
| #define HMMER_COPYRIGHT "Copyright (C) 2013 Howard Hughes Medical Institute."
| #define HMMER_LICENSE "Freely distributed under the GNU General Public License (GPLv3)."
| #define HMMER_VERSION "3.1b1"
| #define HMMER_URL "http://hmmer.org/"
| #define EASEL_DATE "May 2013"
| #define EASEL_COPYRIGHT "Copyright (C) 2013 Howard Hughes Medical Institute."
| #define EASEL_LICENSE "Freely distributed under the Janelia Farm Software License."
| #define EASEL_VERSION "h3.1b1"
| #define eslLIBRARY 1
| #define eslDEBUGLEVEL 0
| #define HMMER_THREADS 1
| #define HAVE_PTHREAD 1
| #define HAVE_SSE2_CAST 1
| #define HAVE_FLUSH_ZERO_MODE 1
| #define HAVE_SSE2 1
| #define p7_IMPL_SSE 1
| #define HAVE_GZIP 1
| #define STDC_HEADERS 1
| #define HAVE_SYS_TYPES_H 1
| #define HAVE_SYS_STAT_H 1
| #define HAVE_STDLIB_H 1
| #define HAVE_STRING_H 1
| #define HAVE_MEMORY_H 1
| #define HAVE_STRINGS_H 1
| #define HAVE_INTTYPES_H 1
| #define HAVE_STDINT_H 1
| #define HAVE_UNISTD_H 1
| #define HAVE_SYS_TYPES_H 1
| #define HAVE_SYS_SYSCTL_H 1
| #define HAVE_UNISTD_H 1
| #define HAVE_STDINT_H 1
| #define HAVE_INTTYPES_H 1
| #define HAVE_ENDIAN_H 1
| /* end confdefs.h.  */
| #ifndef __APPLE_CC__
| 	       not a universal capable compiler
| 	     #endif
| 	     typedef int dummy;
| 
configure:8839: /home/lucas/anaconda3/bin/x86_64-conda_cos6-linux-gnu-cc -c -march=nocona -mtune=haswell -ftree-vectorize -fPIC -fstack-protector-strong -fno-plt -O2 -ffunction-sections -pipe -isystem /home/lucas/anaconda3/include -DNDEBUG -D_FORTIFY_SOURCE=2 -O2 -isystem /home/lucas/anaconda3/include conftest.c >&5
configure:8846: $? = 0
configure:8878: /home/lucas/anaconda3/bin/x86_64-conda_cos6-linux-gnu-cc -c -march=nocona -mtune=haswell -ftree-vectorize -fPIC -fstack-protector-strong -fno-plt -O2 -ffunction-sections -pipe -isystem /home/lucas/anaconda3/include -DNDEBUG -D_FORTIFY_SOURCE=2 -O2 -isystem /home/lucas/anaconda3/include conftest.c >&5
conftest.c: In function 'main':
conftest.c:49:4: error: unknown type name 'not'; did you mean 'ino_t'?
    not big endian
    ^~~
    ino_t
conftest.c:49:12: error: expected '=', ',', ';', 'asm' or '__attribute__' before 'endian'
    not big endian
            ^~~~~~
configure:8885: $? = 1
configure: failed program was:
| /* confdefs.h.  */
| #define PACKAGE_NAME "HMMER"
| #define PACKAGE_TARNAME "hmmer"
| #define PACKAGE_VERSION "3.1b1"
| #define PACKAGE_STRING "HMMER 3.1b1"
| #define PACKAGE_BUGREPORT "eddys@janelia.hhmi.org"
| #define HMMER_DATE "May 2013"
| #define HMMER_COPYRIGHT "Copyright (C) 2013 Howard Hughes Medical Institute."
| #define HMMER_LICENSE "Freely distributed under the GNU General Public License (GPLv3)."
| #define HMMER_VERSION "3.1b1"
| #define HMMER_URL "http://hmmer.org/"
| #define EASEL_DATE "May 2013"
| #define EASEL_COPYRIGHT "Copyright (C) 2013 Howard Hughes Medical Institute."
| #define EASEL_LICENSE "Freely distributed under the Janelia Farm Software License."
| #define EASEL_VERSION "h3.1b1"
| #define eslLIBRARY 1
| #define eslDEBUGLEVEL 0
| #define HMMER_THREADS 1
| #define HAVE_PTHREAD 1
| #define HAVE_SSE2_CAST 1
| #define HAVE_FLUSH_ZERO_MODE 1
| #define HAVE_SSE2 1
| #define p7_IMPL_SSE 1
| #define HAVE_GZIP 1
| #define STDC_HEADERS 1
| #define HAVE_SYS_TYPES_H 1
| #define HAVE_SYS_STAT_H 1
| #define HAVE_STDLIB_H 1
| #define HAVE_STRING_H 1
| #define HAVE_MEMORY_H 1
| #define HAVE_STRINGS_H 1
| #define HAVE_INTTYPES_H 1
| #define HAVE_STDINT_H 1
| #define HAVE_UNISTD_H 1
| #define HAVE_SYS_TYPES_H 1
| #define HAVE_SYS_SYSCTL_H 1
| #define HAVE_UNISTD_H 1
| #define HAVE_STDINT_H 1
| #define HAVE_INTTYPES_H 1
| #define HAVE_ENDIAN_H 1
| /* end confdefs.h.  */
| #include <sys/types.h>
| 		#include <sys/param.h>
| 
| int
| main ()
| {
| #if BYTE_ORDER != BIG_ENDIAN
| 		 not big endian
| 		#endif
| 
|   ;
|   return 0;
| }
configure:9137: result: no
configure:9163: checking for uint8_t
configure:9194: /home/lucas/anaconda3/bin/x86_64-conda_cos6-linux-gnu-cc -c -march=nocona -mtune=haswell -ftree-vectorize -fPIC -fstack-protector-strong -fno-plt -O2 -ffunction-sections -pipe -isystem /home/lucas/anaconda3/include -DNDEBUG -D_FORTIFY_SOURCE=2 -O2 -isystem /home/lucas/anaconda3/include conftest.c >&5
configure:9201: $? = 0
configure:9222: result: yes
configure:9240: checking for uint16_t
configure:9271: /home/lucas/anaconda3/bin/x86_64-conda_cos6-linux-gnu-cc -c -march=nocona -mtune=haswell -ftree-vectorize -fPIC -fstack-protector-strong -fno-plt -O2 -ffunction-sections -pipe -isystem /home/lucas/anaconda3/include -DNDEBUG -D_FORTIFY_SOURCE=2 -O2 -isystem /home/lucas/anaconda3/include conftest.c >&5
configure:9278: $? = 0
configure:9299: result: yes
configure:9313: checking for uint32_t
configure:9344: /home/lucas/anaconda3/bin/x86_64-conda_cos6-linux-gnu-cc -c -march=nocona -mtune=haswell -ftree-vectorize -fPIC -fstack-protector-strong -fno-plt -O2 -ffunction-sections -pipe -isystem /home/lucas/anaconda3/include -DNDEBUG -D_FORTIFY_SOURCE=2 -O2 -isystem /home/lucas/anaconda3/include conftest.c >&5
configure:9351: $? = 0
configure:9372: result: yes
configure:9390: checking for uint64_t
configure:9421: /home/lucas/anaconda3/bin/x86_64-conda_cos6-linux-gnu-cc -c -march=nocona -mtune=haswell -ftree-vectorize -fPIC -fstack-protector-strong -fno-plt -O2 -ffunction-sections -pipe -isystem /home/lucas/anaconda3/include -DNDEBUG -D_FORTIFY_SOURCE=2 -O2 -isystem /home/lucas/anaconda3/include conftest.c >&5
configure:9428: $? = 0
configure:9449: result: yes
configure:9466: checking for off_t
configure:9494: /home/lucas/anaconda3/bin/x86_64-conda_cos6-linux-gnu-cc -c -march=nocona -mtune=haswell -ftree-vectorize -fPIC -fstack-protector-strong -fno-plt -O2 -ffunction-sections -pipe -isystem /home/lucas/anaconda3/include -DNDEBUG -D_FORTIFY_SOURCE=2 -O2 -isystem /home/lucas/anaconda3/include conftest.c >&5
configure:9501: $? = 0
configure:9528: /home/lucas/anaconda3/bin/x86_64-conda_cos6-linux-gnu-cc -c -march=nocona -mtune=haswell -ftree-vectorize -fPIC -fstack-protector-strong -fno-plt -O2 -ffunction-sections -pipe -isystem /home/lucas/anaconda3/include -DNDEBUG -D_FORTIFY_SOURCE=2 -O2 -isystem /home/lucas/anaconda3/include conftest.c >&5
conftest.c: In function 'main':
conftest.c:78:20: error: expected expression before ')' token
 if (sizeof ((off_t)))
                    ^
configure:9535: $? = 1
configure: failed program was:
| /* confdefs.h.  */
| #define PACKAGE_NAME "HMMER"
| #define PACKAGE_TARNAME "hmmer"
| #define PACKAGE_VERSION "3.1b1"
| #define PACKAGE_STRING "HMMER 3.1b1"
| #define PACKAGE_BUGREPORT "eddys@janelia.hhmi.org"
| #define HMMER_DATE "May 2013"
| #define HMMER_COPYRIGHT "Copyright (C) 2013 Howard Hughes Medical Institute."
| #define HMMER_LICENSE "Freely distributed under the GNU General Public License (GPLv3)."
| #define HMMER_VERSION "3.1b1"
| #define HMMER_URL "http://hmmer.org/"
| #define EASEL_DATE "May 2013"
| #define EASEL_COPYRIGHT "Copyright (C) 2013 Howard Hughes Medical Institute."
| #define EASEL_LICENSE "Freely distributed under the Janelia Farm Software License."
| #define EASEL_VERSION "h3.1b1"
| #define eslLIBRARY 1
| #define eslDEBUGLEVEL 0
| #define HMMER_THREADS 1
| #define HAVE_PTHREAD 1
| #define HAVE_SSE2_CAST 1
| #define HAVE_FLUSH_ZERO_MODE 1
| #define HAVE_SSE2 1
| #define p7_IMPL_SSE 1
| #define HAVE_GZIP 1
| #define STDC_HEADERS 1
| #define HAVE_SYS_TYPES_H 1
| #define HAVE_SYS_STAT_H 1
| #define HAVE_STDLIB_H 1
| #define HAVE_STRING_H 1
| #define HAVE_MEMORY_H 1
| #define HAVE_STRINGS_H 1
| #define HAVE_INTTYPES_H 1
| #define HAVE_STDINT_H 1
| #define HAVE_UNISTD_H 1
| #define HAVE_SYS_TYPES_H 1
| #define HAVE_SYS_SYSCTL_H 1
| #define HAVE_UNISTD_H 1
| #define HAVE_STDINT_H 1
| #define HAVE_INTTYPES_H 1
| #define HAVE_ENDIAN_H 1
| /* end confdefs.h.  */
| #include <stdio.h>
| #ifdef HAVE_SYS_TYPES_H
| # include <sys/types.h>
| #endif
| #ifdef HAVE_SYS_STAT_H
| # include <sys/stat.h>
| #endif
| #ifdef STDC_HEADERS
| # include <stdlib.h>
| # include <stddef.h>
| #else
| # ifdef HAVE_STDLIB_H
| #  include <stdlib.h>
| # endif
| #endif
| #ifdef HAVE_STRING_H
| # if !defined STDC_HEADERS && defined HAVE_MEMORY_H
| #  include <memory.h>
| # endif
| # include <string.h>
| #endif
| #ifdef HAVE_STRINGS_H
| # include <strings.h>
| #endif
| #ifdef HAVE_INTTYPES_H
| # include <inttypes.h>
| #endif
| #ifdef HAVE_STDINT_H
| # include <stdint.h>
| #endif
| #ifdef HAVE_UNISTD_H
| # include <unistd.h>
| #endif
| int
| main ()
| {
| if (sizeof ((off_t)))
| 	  return 0;
|   ;
|   return 0;
| }
configure:9558: result: yes
configure:9577: checking for mkstemp
configure:9633: /home/lucas/anaconda3/bin/x86_64-conda_cos6-linux-gnu-cc -o conftest -march=nocona -mtune=haswell -ftree-vectorize -fPIC -fstack-protector-strong -fno-plt -O2 -ffunction-sections -pipe -isystem /home/lucas/anaconda3/include -DNDEBUG -D_FORTIFY_SOURCE=2 -O2 -isystem /home/lucas/anaconda3/include -Wl,-O2 -Wl,--sort-common -Wl,--as-needed -Wl,-z,relro -Wl,-z,now -Wl,--disable-new-dtags -Wl,--gc-sections -Wl,-rpath,/home/lucas/anaconda3/lib -Wl,-rpath-link,/home/lucas/anaconda3/lib -L/home/lucas/anaconda3/lib conftest.c  >&5
configure:9640: $? = 0
configure:9662: result: yes
configure:9678: checking for popen
configure:9734: /home/lucas/anaconda3/bin/x86_64-conda_cos6-linux-gnu-cc -o conftest -march=nocona -mtune=haswell -ftree-vectorize -fPIC -fstack-protector-strong -fno-plt -O2 -ffunction-sections -pipe -isystem /home/lucas/anaconda3/include -DNDEBUG -D_FORTIFY_SOURCE=2 -O2 -isystem /home/lucas/anaconda3/include -Wl,-O2 -Wl,--sort-common -Wl,--as-needed -Wl,-z,relro -Wl,-z,now -Wl,--disable-new-dtags -Wl,--gc-sections -Wl,-rpath,/home/lucas/anaconda3/lib -Wl,-rpath-link,/home/lucas/anaconda3/lib -L/home/lucas/anaconda3/lib conftest.c  >&5
configure:9741: $? = 0
configure:9763: result: yes
configure:9779: checking for strcasecmp
configure:9835: /home/lucas/anaconda3/bin/x86_64-conda_cos6-linux-gnu-cc -o conftest -march=nocona -mtune=haswell -ftree-vectorize -fPIC -fstack-protector-strong -fno-plt -O2 -ffunction-sections -pipe -isystem /home/lucas/anaconda3/include -DNDEBUG -D_FORTIFY_SOURCE=2 -O2 -isystem /home/lucas/anaconda3/include -Wl,-O2 -Wl,--sort-common -Wl,--as-needed -Wl,-z,relro -Wl,-z,now -Wl,--disable-new-dtags -Wl,--gc-sections -Wl,-rpath,/home/lucas/anaconda3/lib -Wl,-rpath-link,/home/lucas/anaconda3/lib -L/home/lucas/anaconda3/lib conftest.c  >&5
conftest.c:67:6: warning: conflicting types for built-in function 'strcasecmp' [-Wbuiltin-declaration-mismatch]
 char strcasecmp ();
      ^~~~~~~~~~
configure:9842: $? = 0
configure:9864: result: yes
configure:9880: checking for times
configure:9936: /home/lucas/anaconda3/bin/x86_64-conda_cos6-linux-gnu-cc -o conftest -march=nocona -mtune=haswell -ftree-vectorize -fPIC -fstack-protector-strong -fno-plt -O2 -ffunction-sections -pipe -isystem /home/lucas/anaconda3/include -DNDEBUG -D_FORTIFY_SOURCE=2 -O2 -isystem /home/lucas/anaconda3/include -Wl,-O2 -Wl,--sort-common -Wl,--as-needed -Wl,-z,relro -Wl,-z,now -Wl,--disable-new-dtags -Wl,--gc-sections -Wl,-rpath,/home/lucas/anaconda3/lib -Wl,-rpath-link,/home/lucas/anaconda3/lib -L/home/lucas/anaconda3/lib conftest.c  >&5
configure:9943: $? = 0
configure:9965: result: yes
configure:9981: checking for getpid
configure:10037: /home/lucas/anaconda3/bin/x86_64-conda_cos6-linux-gnu-cc -o conftest -march=nocona -mtune=haswell -ftree-vectorize -fPIC -fstack-protector-strong -fno-plt -O2 -ffunction-sections -pipe -isystem /home/lucas/anaconda3/include -DNDEBUG -D_FORTIFY_SOURCE=2 -O2 -isystem /home/lucas/anaconda3/include -Wl,-O2 -Wl,--sort-common -Wl,--as-needed -Wl,-z,relro -Wl,-z,now -Wl,--disable-new-dtags -Wl,--gc-sections -Wl,-rpath,/home/lucas/anaconda3/lib -Wl,-rpath-link,/home/lucas/anaconda3/lib -L/home/lucas/anaconda3/lib conftest.c  >&5
configure:10044: $? = 0
configure:10066: result: yes
configure:10082: checking for sysctl
configure:10138: /home/lucas/anaconda3/bin/x86_64-conda_cos6-linux-gnu-cc -o conftest -march=nocona -mtune=haswell -ftree-vectorize -fPIC -fstack-protector-strong -fno-plt -O2 -ffunction-sections -pipe -isystem /home/lucas/anaconda3/include -DNDEBUG -D_FORTIFY_SOURCE=2 -O2 -isystem /home/lucas/anaconda3/include -Wl,-O2 -Wl,--sort-common -Wl,--as-needed -Wl,-z,relro -Wl,-z,now -Wl,--disable-new-dtags -Wl,--gc-sections -Wl,-rpath,/home/lucas/anaconda3/lib -Wl,-rpath-link,/home/lucas/anaconda3/lib -L/home/lucas/anaconda3/lib conftest.c  >&5
configure:10145: $? = 0
configure:10167: result: yes
configure:10183: checking for sysconf
configure:10239: /home/lucas/anaconda3/bin/x86_64-conda_cos6-linux-gnu-cc -o conftest -march=nocona -mtune=haswell -ftree-vectorize -fPIC -fstack-protector-strong -fno-plt -O2 -ffunction-sections -pipe -isystem /home/lucas/anaconda3/include -DNDEBUG -D_FORTIFY_SOURCE=2 -O2 -isystem /home/lucas/anaconda3/include -Wl,-O2 -Wl,--sort-common -Wl,--as-needed -Wl,-z,relro -Wl,-z,now -Wl,--disable-new-dtags -Wl,--gc-sections -Wl,-rpath,/home/lucas/anaconda3/lib -Wl,-rpath-link,/home/lucas/anaconda3/lib -L/home/lucas/anaconda3/lib conftest.c  >&5
configure:10246: $? = 0
configure:10268: result: yes
configure:10284: checking for getcwd
configure:10340: /home/lucas/anaconda3/bin/x86_64-conda_cos6-linux-gnu-cc -o conftest -march=nocona -mtune=haswell -ftree-vectorize -fPIC -fstack-protector-strong -fno-plt -O2 -ffunction-sections -pipe -isystem /home/lucas/anaconda3/include -DNDEBUG -D_FORTIFY_SOURCE=2 -O2 -isystem /home/lucas/anaconda3/include -Wl,-O2 -Wl,--sort-common -Wl,--as-needed -Wl,-z,relro -Wl,-z,now -Wl,--disable-new-dtags -Wl,--gc-sections -Wl,-rpath,/home/lucas/anaconda3/lib -Wl,-rpath-link,/home/lucas/anaconda3/lib -L/home/lucas/anaconda3/lib conftest.c  >&5
configure:10347: $? = 0
configure:10369: result: yes
configure:10385: checking for stat
configure:10441: /home/lucas/anaconda3/bin/x86_64-conda_cos6-linux-gnu-cc -o conftest -march=nocona -mtune=haswell -ftree-vectorize -fPIC -fstack-protector-strong -fno-plt -O2 -ffunction-sections -pipe -isystem /home/lucas/anaconda3/include -DNDEBUG -D_FORTIFY_SOURCE=2 -O2 -isystem /home/lucas/anaconda3/include -Wl,-O2 -Wl,--sort-common -Wl,--as-needed -Wl,-z,relro -Wl,-z,now -Wl,--disable-new-dtags -Wl,--gc-sections -Wl,-rpath,/home/lucas/anaconda3/lib -Wl,-rpath-link,/home/lucas/anaconda3/lib -L/home/lucas/anaconda3/lib conftest.c  >&5
configure:10448: $? = 0
configure:10470: result: yes
configure:10486: checking for fstat
configure:10542: /home/lucas/anaconda3/bin/x86_64-conda_cos6-linux-gnu-cc -o conftest -march=nocona -mtune=haswell -ftree-vectorize -fPIC -fstack-protector-strong -fno-plt -O2 -ffunction-sections -pipe -isystem /home/lucas/anaconda3/include -DNDEBUG -D_FORTIFY_SOURCE=2 -O2 -isystem /home/lucas/anaconda3/include -Wl,-O2 -Wl,--sort-common -Wl,--as-needed -Wl,-z,relro -Wl,-z,now -Wl,--disable-new-dtags -Wl,--gc-sections -Wl,-rpath,/home/lucas/anaconda3/lib -Wl,-rpath-link,/home/lucas/anaconda3/lib -L/home/lucas/anaconda3/lib conftest.c  >&5
configure:10549: $? = 0
configure:10571: result: yes
configure:10588: checking for ntohs
configure:10644: /home/lucas/anaconda3/bin/x86_64-conda_cos6-linux-gnu-cc -o conftest -march=nocona -mtune=haswell -ftree-vectorize -fPIC -fstack-protector-strong -fno-plt -O2 -ffunction-sections -pipe -isystem /home/lucas/anaconda3/include -DNDEBUG -D_FORTIFY_SOURCE=2 -O2 -isystem /home/lucas/anaconda3/include -Wl,-O2 -Wl,--sort-common -Wl,--as-needed -Wl,-z,relro -Wl,-z,now -Wl,--disable-new-dtags -Wl,--gc-sections -Wl,-rpath,/home/lucas/anaconda3/lib -Wl,-rpath-link,/home/lucas/anaconda3/lib -L/home/lucas/anaconda3/lib conftest.c  >&5
configure:10651: $? = 0
configure:10673: result: yes
configure:10765: checking for ntohl
configure:10821: /home/lucas/anaconda3/bin/x86_64-conda_cos6-linux-gnu-cc -o conftest -march=nocona -mtune=haswell -ftree-vectorize -fPIC -fstack-protector-strong -fno-plt -O2 -ffunction-sections -pipe -isystem /home/lucas/anaconda3/include -DNDEBUG -D_FORTIFY_SOURCE=2 -O2 -isystem /home/lucas/anaconda3/include -Wl,-O2 -Wl,--sort-common -Wl,--as-needed -Wl,-z,relro -Wl,-z,now -Wl,--disable-new-dtags -Wl,--gc-sections -Wl,-rpath,/home/lucas/anaconda3/lib -Wl,-rpath-link,/home/lucas/anaconda3/lib -L/home/lucas/anaconda3/lib conftest.c  >&5
configure:10828: $? = 0
configure:10850: result: yes
configure:10942: checking for htons
configure:10998: /home/lucas/anaconda3/bin/x86_64-conda_cos6-linux-gnu-cc -o conftest -march=nocona -mtune=haswell -ftree-vectorize -fPIC -fstack-protector-strong -fno-plt -O2 -ffunction-sections -pipe -isystem /home/lucas/anaconda3/include -DNDEBUG -D_FORTIFY_SOURCE=2 -O2 -isystem /home/lucas/anaconda3/include -Wl,-O2 -Wl,--sort-common -Wl,--as-needed -Wl,-z,relro -Wl,-z,now -Wl,--disable-new-dtags -Wl,--gc-sections -Wl,-rpath,/home/lucas/anaconda3/lib -Wl,-rpath-link,/home/lucas/anaconda3/lib -L/home/lucas/anaconda3/lib conftest.c  >&5
configure:11005: $? = 0
configure:11027: result: yes
configure:11119: checking for htonl
configure:11175: /home/lucas/anaconda3/bin/x86_64-conda_cos6-linux-gnu-cc -o conftest -march=nocona -mtune=haswell -ftree-vectorize -fPIC -fstack-protector-strong -fno-plt -O2 -ffunction-sections -pipe -isystem /home/lucas/anaconda3/include -DNDEBUG -D_FORTIFY_SOURCE=2 -O2 -isystem /home/lucas/anaconda3/include -Wl,-O2 -Wl,--sort-common -Wl,--as-needed -Wl,-z,relro -Wl,-z,now -Wl,--disable-new-dtags -Wl,--gc-sections -Wl,-rpath,/home/lucas/anaconda3/lib -Wl,-rpath-link,/home/lucas/anaconda3/lib -L/home/lucas/anaconda3/lib conftest.c  >&5
configure:11182: $? = 0
configure:11204: result: yes
configure:11292: checking for _LARGEFILE_SOURCE value needed for large files
configure:11321: /home/lucas/anaconda3/bin/x86_64-conda_cos6-linux-gnu-cc -o conftest -march=nocona -mtune=haswell -ftree-vectorize -fPIC -fstack-protector-strong -fno-plt -O2 -ffunction-sections -pipe -isystem /home/lucas/anaconda3/include -DNDEBUG -D_FORTIFY_SOURCE=2 -O2 -isystem /home/lucas/anaconda3/include -Wl,-O2 -Wl,--sort-common -Wl,--as-needed -Wl,-z,relro -Wl,-z,now -Wl,--disable-new-dtags -Wl,--gc-sections -Wl,-rpath,/home/lucas/anaconda3/lib -Wl,-rpath-link,/home/lucas/anaconda3/lib -L/home/lucas/anaconda3/lib conftest.c  >&5
configure:11328: $? = 0
configure:11401: result: no
configure:11435: checking for special C compiler options needed for large files
configure:11530: result: no
configure:11536: checking for _FILE_OFFSET_BITS value needed for large files
configure:11571: /home/lucas/anaconda3/bin/x86_64-conda_cos6-linux-gnu-cc -c -march=nocona -mtune=haswell -ftree-vectorize -fPIC -fstack-protector-strong -fno-plt -O2 -ffunction-sections -pipe -isystem /home/lucas/anaconda3/include -DNDEBUG -D_FORTIFY_SOURCE=2 -O2 -isystem /home/lucas/anaconda3/include conftest.c >&5
configure:11578: $? = 0
configure:11647: result: no
configure:11949: creating ./config.status

## ---------------------- ##
## Running config.status. ##
## ---------------------- ##

This file was extended by HMMER config.status 3.1b1, which was
generated by GNU Autoconf 2.63.  Invocation command line was

  CONFIG_FILES    = 
  CONFIG_HEADERS  = 
  CONFIG_LINKS    = 
  CONFIG_COMMANDS = 
  $ ./config.status 

on paula

config.status:826: creating documentation/Makefile
config.status:826: creating documentation/man/Makefile
config.status:826: creating src/Makefile
config.status:826: creating testsuite/Makefile
config.status:826: creating profmark/Makefile
config.status:826: creating src/impl_sse/Makefile
config.status:826: creating easel/miniapps/Makefile
config.status:826: creating easel/testsuite/Makefile
config.status:826: creating easel/Makefile
config.status:826: creating libdivsufsort/Makefile
config.status:826: creating Makefile
config.status:826: creating src/p7_config.h
config.status:826: creating easel/esl_config.h
config.status:826: creating libdivsufsort/divsufsort.h
config.status:1072: linking src/impl_sse to src/impl

## ---------------- ##
## Cache variables. ##
## ---------------- ##

ac_cv_build=x86_64-unknown-linux-gnu
ac_cv_c_bigendian=no
ac_cv_c_compiler_gnu=yes
ac_cv_c_uint16_t=yes
ac_cv_c_uint32_t=yes
ac_cv_c_uint64_t=yes
ac_cv_c_uint8_t=yes
ac_cv_env_CC_set=set
ac_cv_env_CC_value=/home/lucas/anaconda3/bin/x86_64-conda_cos6-linux-gnu-cc
ac_cv_env_CFLAGS_set=set
ac_cv_env_CFLAGS_value='-march=nocona -mtune=haswell -ftree-vectorize -fPIC -fstack-protector-strong -fno-plt -O2 -ffunction-sections -pipe -isystem /home/lucas/anaconda3/include'
ac_cv_env_CPPFLAGS_set=set
ac_cv_env_CPPFLAGS_value='-DNDEBUG -D_FORTIFY_SOURCE=2 -O2 -isystem /home/lucas/anaconda3/include'
ac_cv_env_CPP_set=set
ac_cv_env_CPP_value=/home/lucas/anaconda3/bin/x86_64-conda_cos6-linux-gnu-cpp
ac_cv_env_LDFLAGS_set=set
ac_cv_env_LDFLAGS_value='-Wl,-O2 -Wl,--sort-common -Wl,--as-needed -Wl,-z,relro -Wl,-z,now -Wl,--disable-new-dtags -Wl,--gc-sections -Wl,-rpath,/home/lucas/anaconda3/lib -Wl,-rpath-link,/home/lucas/anaconda3/lib -L/home/lucas/anaconda3/lib'
ac_cv_env_LIBS_set=
ac_cv_env_LIBS_value=
ac_cv_env_MPICC_set=
ac_cv_env_MPICC_value=
ac_cv_env_PIC_FLAGS_set=
ac_cv_env_PIC_FLAGS_value=
ac_cv_env_build_alias_set=
ac_cv_env_build_alias_value=
ac_cv_env_host_alias_set=
ac_cv_env_host_alias_value=
ac_cv_env_target_alias_set=
ac_cv_env_target_alias_value=
ac_cv_func_fstat=yes
ac_cv_func_getcwd=yes
ac_cv_func_getpid=yes
ac_cv_func_htonl=yes
ac_cv_func_htons=yes
ac_cv_func_mkstemp=yes
ac_cv_func_ntohl=yes
ac_cv_func_ntohs=yes
ac_cv_func_popen=yes
ac_cv_func_stat=yes
ac_cv_func_strcasecmp=yes
ac_cv_func_sysconf=yes
ac_cv_func_sysctl=yes
ac_cv_func_times=yes
ac_cv_header_endian_h=yes
ac_cv_header_inttypes_h=yes
ac_cv_header_memory_h=yes
ac_cv_header_stdc=yes
ac_cv_header_stdint_h=yes
ac_cv_header_stdlib_h=yes
ac_cv_header_string_h=yes
ac_cv_header_strings_h=yes
ac_cv_header_sys_stat_h=yes
ac_cv_header_sys_sysctl_h=yes
ac_cv_header_sys_types_h=yes
ac_cv_header_unistd_h=yes
ac_cv_host=x86_64-unknown-linux-gnu
ac_cv_objext=o
ac_cv_path_AR=/home/lucas/anaconda3/bin/x86_64-conda_cos6-linux-gnu-ar
ac_cv_path_EGREP='/bin/grep -E'
ac_cv_path_GREP=/bin/grep
ac_cv_path_HAVE_GZIP=/bin/gzip
ac_cv_path_install='/usr/bin/install -c'
ac_cv_prog_CPP=/home/lucas/anaconda3/bin/x86_64-conda_cos6-linux-gnu-cpp
ac_cv_prog_PTHREAD_CC=/home/lucas/anaconda3/bin/x86_64-conda_cos6-linux-gnu-cc
ac_cv_prog_ac_ct_CC=/home/lucas/anaconda3/bin/x86_64-conda_cos6-linux-gnu-cc
ac_cv_prog_ac_ct_RANLIB=/home/lucas/anaconda3/bin/x86_64-conda_cos6-linux-gnu-ranlib
ac_cv_prog_cc_c89=
ac_cv_prog_cc_c99=
ac_cv_prog_cc_g=yes
ac_cv_prog_cc_stdc=
ac_cv_sys_file_offset_bits=no
ac_cv_sys_largefile_CC=no
ac_cv_sys_largefile_source=no
ac_cv_type_off_t=yes
ax_cv_c_compiler_vendor=gnu
ax_cv_c_flags__msse2=yes

## ----------------- ##
## Output variables. ##
## ----------------- ##

AR='/home/lucas/anaconda3/bin/x86_64-conda_cos6-linux-gnu-ar'
CC='/home/lucas/anaconda3/bin/x86_64-conda_cos6-linux-gnu-cc'
CFLAGS='-march=nocona -mtune=haswell -ftree-vectorize -fPIC -fstack-protector-strong -fno-plt -O2 -ffunction-sections -pipe -isystem /home/lucas/anaconda3/include'
CPP='/home/lucas/anaconda3/bin/x86_64-conda_cos6-linux-gnu-cpp'
CPPFLAGS='-DNDEBUG -D_FORTIFY_SOURCE=2 -O2 -isystem /home/lucas/anaconda3/include'
DEFS='-DHAVE_CONFIG_H'
EASEL_COPYRIGHT='Copyright (C) 2013 Howard Hughes Medical Institute.'
EASEL_DATE='May 2013'
EASEL_LICENSE='Freely distributed under the Janelia Farm Software License.'
EASEL_URL='http://bioeasel.org/'
EASEL_VERSION='h3.1b1'
ECHO_C=''
ECHO_N='-n'
ECHO_T=''
EGREP='/bin/grep -E'
EXEC_DEPENDENCY='%: %.o'
EXEEXT=''
GREP='/bin/grep'
GROUPHMMERLIBS='-Wl,--start-group -lhmmer -lhmmerimpl -Wl,--end-group'
HAVE_GZIP='/bin/gzip'
HMMERIMPLLIB='impl_sse/libhmmerimpl.a'
HMMER_COPYRIGHT='Copyright (C) 2013 Howard Hughes Medical Institute.'
HMMER_DATE='May 2013'
HMMER_ESLDIR='easel'
HMMER_LICENSE='Freely distributed under the GNU General Public License (GPLv3).'
HMMER_SADIR='libdivsufsort'
HMMER_URL='http://hmmer.org/'
HMMER_VERSION='3.1b1'
IMPL_CHOICE='sse'
INSTALL_DATA='${INSTALL} -m 644'
INSTALL_PROGRAM='${INSTALL}'
INSTALL_SCRIPT='${INSTALL}'
LDFLAGS='-Wl,-O2 -Wl,--sort-common -Wl,--as-needed -Wl,-z,relro -Wl,-z,now -Wl,--disable-new-dtags -Wl,--gc-sections -Wl,-rpath,/home/lucas/anaconda3/lib -Wl,-rpath-link,/home/lucas/anaconda3/lib -L/home/lucas/anaconda3/lib'
LIBGSL=''
LIBOBJS=''
LIBS=''
LTLIBOBJS=''
MPICC=''
MPILIBS=''
MPI_BENCHMARKS=''
MPI_UTESTS=''
OBJEXT='o'
PACKAGE_BUGREPORT='eddys@janelia.hhmi.org'
PACKAGE_NAME='HMMER'
PACKAGE_STRING='HMMER 3.1b1'
PACKAGE_TARNAME='hmmer'
PACKAGE_VERSION='3.1b1'
PATH_SEPARATOR=':'
PIC_FLAGS='-fPIC'
PRTDIAG=''
PTHREAD_CC='/home/lucas/anaconda3/bin/x86_64-conda_cos6-linux-gnu-cc'
PTHREAD_CFLAGS='-pthread'
PTHREAD_LIBS=''
RANLIB='/home/lucas/anaconda3/bin/x86_64-conda_cos6-linux-gnu-ranlib'
SHELL='/bin/bash'
SIMD_CFLAGS='-msse2'
ac_ct_CC='/home/lucas/anaconda3/bin/x86_64-conda_cos6-linux-gnu-cc'
acx_pthread_config=''
bindir='${exec_prefix}/bin'
build='x86_64-unknown-linux-gnu'
build_alias=''
build_cpu='x86_64'
build_os='linux-gnu'
build_vendor='unknown'
datadir='${datarootdir}'
datarootdir='${prefix}/share'
docdir='${datarootdir}/doc/${PACKAGE_TARNAME}'
dvidir='${docdir}'
exec_prefix='${prefix}'
host='x86_64-unknown-linux-gnu'
host_alias=''
host_cpu='x86_64'
host_os='linux-gnu'
host_vendor='unknown'
htmldir='${docdir}'
includedir='${prefix}/include'
infodir='${datarootdir}/info'
libdir='${exec_prefix}/lib'
libexecdir='${exec_prefix}/libexec'
localedir='${datarootdir}/locale'
localstatedir='${prefix}/var'
mandir='${datarootdir}/man'
oldincludedir='/usr/include'
pdfdir='${docdir}'
prefix='/usr/local'
program_transform_name='s,x,x,'
psdir='${docdir}'
sbindir='${exec_prefix}/sbin'
sharedstatedir='${prefix}/com'
sysconfdir='${prefix}/etc'
target_alias=''

## ----------- ##
## confdefs.h. ##
## ----------- ##

#define PACKAGE_NAME "HMMER"
#define PACKAGE_TARNAME "hmmer"
#define PACKAGE_VERSION "3.1b1"
#define PACKAGE_STRING "HMMER 3.1b1"
#define PACKAGE_BUGREPORT "eddys@janelia.hhmi.org"
#define HMMER_DATE "May 2013"
#define HMMER_COPYRIGHT "Copyright (C) 2013 Howard Hughes Medical Institute."
#define HMMER_LICENSE "Freely distributed under the GNU General Public License (GPLv3)."
#define HMMER_VERSION "3.1b1"
#define HMMER_URL "http://hmmer.org/"
#define EASEL_DATE "May 2013"
#define EASEL_COPYRIGHT "Copyright (C) 2013 Howard Hughes Medical Institute."
#define EASEL_LICENSE "Freely distributed under the Janelia Farm Software License."
#define EASEL_VERSION "h3.1b1"
#define eslLIBRARY 1
#define eslDEBUGLEVEL 0
#define HMMER_THREADS 1
#define HAVE_PTHREAD 1
#define HAVE_SSE2_CAST 1
#define HAVE_FLUSH_ZERO_MODE 1
#define HAVE_SSE2 1
#define p7_IMPL_SSE 1
#define HAVE_GZIP 1
#define STDC_HEADERS 1
#define HAVE_SYS_TYPES_H 1
#define HAVE_SYS_STAT_H 1
#define HAVE_STDLIB_H 1
#define HAVE_STRING_H 1
#define HAVE_MEMORY_H 1
#define HAVE_STRINGS_H 1
#define HAVE_INTTYPES_H 1
#define HAVE_STDINT_H 1
#define HAVE_UNISTD_H 1
#define HAVE_SYS_TYPES_H 1
#define HAVE_SYS_SYSCTL_H 1
#define HAVE_UNISTD_H 1
#define HAVE_STDINT_H 1
#define HAVE_INTTYPES_H 1
#define HAVE_ENDIAN_H 1
#define HAVE_MKSTEMP 1
#define HAVE_POPEN 1
#define HAVE_STRCASECMP 1
#define HAVE_TIMES 1
#define HAVE_GETPID 1
#define HAVE_SYSCTL 1
#define HAVE_SYSCONF 1
#define HAVE_GETCWD 1
#define HAVE_STAT 1
#define HAVE_FSTAT 1
#define HAVE_NTOHS 1
#define HAVE_NTOHL 1
#define HAVE_HTONS 1
#define HAVE_HTONL 1
#define HAVE_FSEEKO 1

configure: exit 0
