Building DAG of jobs...
Using shell: /bin/bash
Provided cores: 64
Rules claiming more threads will be scaled down.
Conda environments: ignored
Job stats:
job           count    min threads    max threads
----------  -------  -------------  -------------
all               1              1              1
maxbin2           1              1              1
prokka_bin        1              4              4
total             3              1              4

Select jobs to execute...

[Thu Jun  1 14:24:37 2023]
rule maxbin2:
    input: results/S1_test/assembly/best_assembly/final.contigs.fa, results/S1_test/pileup/S1_test_abundance.txt
    output: results/S1_test/maxbin, results/S1_test/maxbin/list_bins.txt
    jobid: 13
    reason: Missing output files: results/S1_test/maxbin
    wildcards: sample=S1_test
    resources: tmpdir=/tmp

[Thu Jun  1 14:24:39 2023]
Error in rule maxbin2:
    jobid: 13
    input: results/S1_test/assembly/best_assembly/final.contigs.fa, results/S1_test/pileup/S1_test_abundance.txt
    output: results/S1_test/maxbin, results/S1_test/maxbin/list_bins.txt
    conda-env: /storage1/victor/speedypipe4meta/.snakemake/conda/4e3c652eb1f0884dff60385860f576a5_
    shell:
        
            /home/victor/storage/MaxBin-2.2.7/run_MaxBin.pl -min_contig_length 300 -thread 1 -contig results/S1_test/assembly/best_assembly/final.contigs.fa -out results/S1_test/maxbin/maxbin -abund results/S1_test/pileup/S1_test_abundance.txt
            ls results/S1_test/maxbin/*.fasta > results/S1_test/maxbin/list_bins.txt
        
        (one of the commands exited with non-zero exit code; note that snakemake uses bash strict mode!)

Removing output files of failed job maxbin2 since they might be corrupted:
results/S1_test/maxbin
Shutting down, this might take some time.
Exiting because a job execution failed. Look above for error message
Complete log: .snakemake/log/2023-06-01T142436.761249.snakemake.log
