Building DAG of jobs...
Using shell: /bin/bash
Provided cores: 64
Rules claiming more threads will be scaled down.
Conda environments: ignored
Job stats:
job                  count    min threads    max threads
-----------------  -------  -------------  -------------
build_rarefaction        1              1              1
total                    1              1              1

Select jobs to execute...

[Thu Jun  1 13:50:35 2023]
rule build_rarefaction:
    output: build_rarefaction.done
    jobid: 0
    reason: Missing output files: build_rarefaction.done
    resources: tmpdir=/tmp

Touching output file build_rarefaction.done.
[Thu Jun  1 13:50:42 2023]
Finished job 0.
1 of 1 steps (100%) done
Complete log: .snakemake/log/2023-06-01T135034.205809.snakemake.log
