Building DAG of jobs...
Using shell: /bin/bash
Provided cores: 64
Rules claiming more threads will be scaled down.
Conda environments: ignored
Job stats:
job               count    min threads    max threads
--------------  -------  -------------  -------------
all                   1              1              1
bowtie2               1              4              4
install_prokka        1              1              1
kraken                1              1              1
maxbin2               1              1              1
megahit               1              1              1
pileup                1              1              1
pileup_install        1              1              1
prokka                1              4              4
trimmomatic           1              1              1
total                10              1              4

Select jobs to execute...

[Mon Feb 20 13:27:48 2023]
rule install_prokka:
    output: results/bin/prokka/binaries/linux/tbl2asn
    jobid: 5
    reason: Missing output files: results/bin/prokka/binaries/linux/tbl2asn
    resources: tmpdir=/tmp


[Mon Feb 20 13:27:48 2023]
rule trimmomatic:
    input: /storage1/victor/speedypipe4meta/data/M1_1.fq.gz, /storage1/victor/speedypipe4meta/data/M1_2.fq.gz
    output: results/M1/trimmomatic/M1_forward_paired.fq.gz, results/M1/trimmomatic/M1_forward_unpaired.fq.gz, results/M1/trimmomatic/M1_reverse_paired.fq.gz, results/M1/trimmomatic/M1_reverse_unpaired.fq.gz
    jobid: 3
    reason: Missing output files: results/M1/trimmomatic/M1_reverse_paired.fq.gz, results/M1/trimmomatic/M1_forward_paired.fq.gz
    wildcards: sample=M1
    resources: tmpdir=/tmp


[Mon Feb 20 13:27:48 2023]
rule pileup_install:
    output: results/bin/bbmap/pileup.sh
    jobid: 7
    reason: Missing output files: results/bin/bbmap/pileup.sh
    resources: tmpdir=/tmp

[Mon Feb 20 13:27:48 2023]
Error in rule pileup_install:
    jobid: 7
    output: results/bin/bbmap/pileup.sh
    shell:
        
            wget https://gox.dl.sourceforge.net/project/bbmap/BBMap_39.01.tar.gz
            tar -xvzf BBMap_39.01.tar.gz
            mv bbmap/ results/bin/
        
        (one of the commands exited with non-zero exit code; note that snakemake uses bash strict mode!)

[Mon Feb 20 13:29:36 2023]
Finished job 5.
1 of 10 steps (10%) done
[Mon Feb 20 13:55:46 2023]
Finished job 3.
2 of 10 steps (20%) done
Shutting down, this might take some time.
Exiting because a job execution failed. Look above for error message
Complete log: .snakemake/log/2023-02-20T132743.392446.snakemake.log
