Building DAG of jobs...
Using shell: /bin/bash
Provided cores: 64
Rules claiming more threads will be scaled down.
Conda environments: ignored
Job stats:
job               count    min threads    max threads
--------------  -------  -------------  -------------
all                   1              1              1
bowtie2               1              4              4
kraken                1              1              1
maxbin2               1              1              1
megahit               1              1              1
pileup                1              1              1
pileup_install        1              1              1
prokka                1              4              4
total                 8              1              4

Select jobs to execute...

[Mon Feb 20 15:24:09 2023]
rule megahit:
    input: results/M1/trimmomatic/M1_forward_paired.fq.gz, results/M1/trimmomatic/M1_reverse_paired.fq.gz
    output: results/M1/megahit/final.contigs.fa
    log: results/M1/megahit/log-stdout.txt, results/M1/megahit/log-stderr.txt
    jobid: 2
    reason: Missing output files: results/M1/megahit/final.contigs.fa
    wildcards: sample=M1
    resources: tmpdir=/tmp, mem_gb=100


[Mon Feb 20 15:24:09 2023]
rule pileup_install:
    output: results/bin/bbmap/pileup.sh
    jobid: 7
    reason: Missing output files: results/bin/bbmap/pileup.sh
    resources: tmpdir=/tmp

[Mon Feb 20 15:24:10 2023]
Finished job 7.
1 of 8 steps (12%) done
[Mon Feb 20 15:54:15 2023]
Finished job 2.
2 of 8 steps (25%) done
Select jobs to execute...

[Mon Feb 20 15:54:15 2023]
rule kraken:
    input: results/M1/megahit/final.contigs.fa
    output: results/M1/kraken/resultado.txt
    jobid: 1
    reason: Missing output files: results/M1/kraken/resultado.txt; Input files updated by another job: results/M1/megahit/final.contigs.fa
    wildcards: sample=M1
    resources: tmpdir=/tmp


[Mon Feb 20 15:54:15 2023]
rule bowtie2:
    input: results/M1/megahit/final.contigs.fa, results/M1/trimmomatic/M1_forward_paired.fq.gz, results/M1/trimmomatic/M1_reverse_paired.fq.gz
    output: results/M1/bowtie2/M1.sam
    jobid: 8
    reason: Missing output files: results/M1/bowtie2/M1.sam; Input files updated by another job: results/M1/megahit/final.contigs.fa
    wildcards: sample=M1
    threads: 4
    resources: tmpdir=/tmp


[Mon Feb 20 15:54:15 2023]
rule prokka:
    input: results/bin/prokka/binaries/linux/tbl2asn, results/M1/megahit/final.contigs.fa
    output: results/M1/prokka/M1.gbk
    log: results/M1/prokka/log-stdout.txt, results/M1/prokka/log-stderr.txt
    jobid: 4
    benchmark: results/M1/prokka/benchmark.txt
    reason: Missing output files: results/M1/prokka/M1.gbk; Input files updated by another job: results/M1/megahit/final.contigs.fa
    wildcards: sample=M1
    threads: 4
    resources: tmpdir=/tmp

[Mon Feb 20 15:57:51 2023]
Finished job 1.
3 of 8 steps (38%) done
[Mon Feb 20 16:26:12 2023]
Finished job 8.
4 of 8 steps (50%) done
Select jobs to execute...

[Mon Feb 20 16:26:12 2023]
rule pileup:
    input: results/bin/bbmap/pileup.sh, results/M1/bowtie2/M1.sam
    output: results/M1/pileup/M1_cov.txt, results/M1/pileup/M1_abundance.txt
    jobid: 6
    reason: Missing output files: results/M1/pileup/M1_abundance.txt; Input files updated by another job: results/bin/bbmap/pileup.sh, results/M1/bowtie2/M1.sam
    wildcards: sample=M1
    resources: tmpdir=/tmp

[Mon Feb 20 16:26:56 2023]
Finished job 6.
5 of 8 steps (62%) done
Select jobs to execute...

[Mon Feb 20 16:26:56 2023]
rule maxbin2:
    input: results/M1/megahit/final.contigs.fa, results/M1/pileup/M1_abundance.txt
    output: results/M1/maxbin.marker
    jobid: 9
    reason: Missing output files: results/M1/maxbin.marker; Input files updated by another job: results/M1/megahit/final.contigs.fa, results/M1/pileup/M1_abundance.txt
    wildcards: sample=M1
    resources: tmpdir=/tmp

[Mon Feb 20 16:27:02 2023]
Error in rule maxbin2:
    jobid: 9
    input: results/M1/megahit/final.contigs.fa, results/M1/pileup/M1_abundance.txt
    output: results/M1/maxbin.marker
    shell:
        
            /usr/local/MaxBin-2.2.7/run_MaxBin.pl -min_contig_length 500 -thread 8 -contig results/M1/megahit/final.contigs.fa -out results/M1/maxbin.marker -abund results/M1/pileup/M1_abundance.txt
        
        (one of the commands exited with non-zero exit code; note that snakemake uses bash strict mode!)

Terminating processes on user request, this might take some time.
Cancelling snakemake on user request.
