Building DAG of jobs...
Using shell: /bin/bash
Provided cores: 64
Rules claiming more threads will be scaled down.
Conda environments: ignored
Job stats:
job               count    min threads    max threads
--------------  -------  -------------  -------------
install_prokka        1              1              1
total                 1              1              1

Select jobs to execute...

[Fri Mar  3 09:12:06 2023]
rule install_prokka:
    output: results/bin/prokka/binaries/linux/tbl2asn
    jobid: 0
    reason: Missing output files: results/bin/prokka/binaries/linux/tbl2asn
    resources: tmpdir=/tmp

[Fri Mar  3 09:14:01 2023]
Finished job 0.
1 of 1 steps (100%) done
Complete log: .snakemake/log/2023-03-03T091205.731955.snakemake.log
