Building DAG of jobs...
Using shell: /bin/bash
Provided cores: 64
Rules claiming more threads will be scaled down.
Conda environments: ignored
Job stats:
job        count    min threads    max threads
-------  -------  -------------  -------------
all            1              1              1
maxbin2        1              1              1
prokka         1              4              4
total          3              1              4

Select jobs to execute...

[Thu Feb 23 10:06:19 2023]
rule maxbin2:
    input: results/M1/megahit/final.contigs.fa, results/M1/pileup/M1_abundance.txt
    output: results/M1/maxbin
    jobid: 9
    reason: Missing output files: results/M1/maxbin
    wildcards: sample=M1
    resources: tmpdir=/tmp

RuleException in rule maxbin2 in file /storage1/victor/speedypipe4meta/Snakefile, line 228:
NameError: The name 'sample' is unknown in this context. Did you mean 'wildcards.sample'?, when formatting the following:

            mkdir results/{sample}/maxbin
            /home/victor/storage/MaxBin-2.2.7/run_MaxBin.pl -min_contig_length 500 -thread 8 -contig {input.contig} -out {output}/ -abund {input.abundance}
        
