Building DAG of jobs...
Using shell: /bin/bash
Provided cores: 64
Rules claiming more threads will be scaled down.
Conda environments: ignored
Job stats:
job                count    min threads    max threads
---------------  -------  -------------  -------------
build_resistome        1              1              1
total                  1              1              1

Select jobs to execute...

[Thu Jun  1 13:40:41 2023]
rule build_resistome:
    output: build_resistome.done
    jobid: 0
    reason: Missing output files: build_resistome.done
    resources: tmpdir=/tmp

Touching output file build_resistome.done.
[Thu Jun  1 13:40:47 2023]
Finished job 0.
1 of 1 steps (100%) done
Complete log: .snakemake/log/2023-06-01T134040.053841.snakemake.log
