Building DAG of jobs...
Using shell: /bin/bash
Provided cores: 64
Rules claiming more threads will be scaled down.
Conda environments: ignored
Job stats:
job            count    min threads    max threads
-----------  -------  -------------  -------------
get_megares        1              1              1
total              1              1              1

Select jobs to execute...

[Thu Jun  1 13:28:01 2023]
rule get_megares:
    output: amr/megares_annotations.csv, amr/megares.fasta
    jobid: 0
    reason: Missing output files: amr/megares.fasta, amr/megares_annotations.csv
    resources: tmpdir=/tmp

[Thu Jun  1 13:28:07 2023]
Finished job 0.
1 of 1 steps (100%) done
Complete log: .snakemake/log/2023-06-01T132800.211825.snakemake.log
