Building DAG of jobs...
Using shell: /bin/bash
Provided cores: 64
Rules claiming more threads will be scaled down.
Conda environments: ignored
Job stats:
job       count    min threads    max threads
------  -------  -------------  -------------
all           1              1              1
prokka        1              4              4
total         2              1              4

Select jobs to execute...

[Thu Feb 23 12:28:45 2023]
rule prokka:
    input: results/bin/prokka/binaries/linux/tbl2asn, results/M1/megahit/final.contigs.fa
    output: results/M1/prokka/M1.gbk
    log: results/M1/prokka/log-stdout.txt, results/M1/prokka/log-stderr.txt
    jobid: 4
    benchmark: results/M1/prokka/benchmark.txt
    reason: Missing output files: results/M1/prokka/M1.gbk
    wildcards: sample=M1
    threads: 4
    resources: tmpdir=/tmp

